2017-03-31 12:02:24.013  INFO 22486 --- [restartedMain] com.ss.schedulesys.ScheduleSysApp        : Starting ScheduleSysApp on ed-notebook with PID 22486 (/home/ezerbo/Documents/workspace-sts-3.7.3.RELEASE/schedulesys/employee-service/target/classes started by ezerbo in /home/ezerbo/Documents/workspace-sts-3.7.3.RELEASE/schedulesys/employee-service)
2017-03-31 12:02:24.018  INFO 22486 --- [restartedMain] com.ss.schedulesys.ScheduleSysApp        : The following profiles are active: dev
2017-03-31 12:02:24.081  INFO 22486 --- [restartedMain] ationConfigEmbeddedWebApplicationContext : Refreshing org.springframework.boot.context.embedded.AnnotationConfigEmbeddedWebApplicationContext@950dcb3: startup date [Fri Mar 31 12:02:24 EDT 2017]; root of context hierarchy
2017-03-31 12:02:25.907  INFO 22486 --- [restartedMain] o.s.b.f.s.DefaultListableBeanFactory     : Overriding bean definition for bean 'dataSource' with a different definition: replacing [Root bean: class [null]; scope=; abstract=false; lazyInit=false; autowireMode=3; dependencyCheck=0; autowireCandidate=true; primary=false; factoryBeanName=org.springframework.boot.autoconfigure.jdbc.DataSourceConfiguration$Generic; factoryMethodName=dataSource; initMethodName=null; destroyMethodName=(inferred); defined in class path resource [org/springframework/boot/autoconfigure/jdbc/DataSourceConfiguration$Generic.class]] with [Root bean: class [null]; scope=; abstract=false; lazyInit=false; autowireMode=3; dependencyCheck=0; autowireCandidate=true; primary=false; factoryBeanName=org.springframework.boot.autoconfigure.jdbc.DataSourceConfiguration$Hikari; factoryMethodName=dataSource; initMethodName=null; destroyMethodName=(inferred); defined in class path resource [org/springframework/boot/autoconfigure/jdbc/DataSourceConfiguration$Hikari.class]]
2017-03-31 12:02:26.467  INFO 22486 --- [restartedMain] trationDelegate$BeanPostProcessorChecker : Bean 'org.springframework.transaction.annotation.ProxyTransactionManagementConfiguration' of type [class org.springframework.transaction.annotation.ProxyTransactionManagementConfiguration$$EnhancerBySpringCGLIB$$cdca3f25] is not eligible for getting processed by all BeanPostProcessors (for example: not eligible for auto-proxying)
2017-03-31 12:02:26.933  INFO 22486 --- [restartedMain] s.b.c.e.t.TomcatEmbeddedServletContainer : Tomcat initialized with port(s): 8080 (http)
2017-03-31 12:02:27.062  INFO 22486 --- [restartedMain] o.apache.catalina.core.StandardService   : Starting service Tomcat
2017-03-31 12:02:27.063  INFO 22486 --- [restartedMain] org.apache.catalina.core.StandardEngine  : Starting Servlet Engine: Apache Tomcat/8.5.6
2017-03-31 12:02:27.137  INFO 22486 --- [localhost-startStop-1] o.a.c.c.C.[Tomcat].[localhost].[/]       : Initializing Spring embedded WebApplicationContext
2017-03-31 12:02:27.137  INFO 22486 --- [localhost-startStop-1] o.s.web.context.ContextLoader            : Root WebApplicationContext: initialization completed in 3061 ms
2017-03-31 12:02:27.551  INFO 22486 --- [localhost-startStop-1] o.s.b.w.servlet.ServletRegistrationBean  : Mapping servlet: 'webServlet' to [/h2-console/*]
2017-03-31 12:02:27.553  INFO 22486 --- [localhost-startStop-1] o.s.b.w.servlet.ServletRegistrationBean  : Mapping servlet: 'dispatcherServlet' to [/]
2017-03-31 12:02:27.554  INFO 22486 --- [localhost-startStop-1] o.s.b.w.servlet.ServletRegistrationBean  : Mapping servlet: 'webServlet' to [/h2-console/*]
2017-03-31 12:02:27.554  INFO 22486 --- [localhost-startStop-1] o.s.b.w.servlet.ServletRegistrationBean  : Servlet webServlet was not registered (possibly already registered?)
2017-03-31 12:02:27.556  INFO 22486 --- [localhost-startStop-1] o.s.b.w.servlet.FilterRegistrationBean   : Mapping filter: 'metricsFilter' to: [/*]
2017-03-31 12:02:27.556  INFO 22486 --- [localhost-startStop-1] o.s.b.w.servlet.FilterRegistrationBean   : Mapping filter: 'characterEncodingFilter' to: [/*]
2017-03-31 12:02:27.557  INFO 22486 --- [localhost-startStop-1] o.s.b.w.servlet.FilterRegistrationBean   : Mapping filter: 'hiddenHttpMethodFilter' to: [/*]
2017-03-31 12:02:27.557  INFO 22486 --- [localhost-startStop-1] o.s.b.w.servlet.FilterRegistrationBean   : Mapping filter: 'httpPutFormContentFilter' to: [/*]
2017-03-31 12:02:27.557  INFO 22486 --- [localhost-startStop-1] o.s.b.w.servlet.FilterRegistrationBean   : Mapping filter: 'requestContextFilter' to: [/*]
2017-03-31 12:02:27.557  INFO 22486 --- [localhost-startStop-1] o.s.b.w.servlet.FilterRegistrationBean   : Mapping filter: 'webRequestLoggingFilter' to: [/*]
2017-03-31 12:02:27.557  INFO 22486 --- [localhost-startStop-1] o.s.b.w.servlet.FilterRegistrationBean   : Mapping filter: 'applicationContextIdFilter' to: [/*]
2017-03-31 12:02:27.911  INFO 22486 --- [restartedMain] liquibase                                : Liquibase did not run because 'shouldRun' property was set to false on liquibase Liquibase Spring bean.
2017-03-31 12:02:28.038  INFO 22486 --- [restartedMain] j.LocalContainerEntityManagerFactoryBean : Building JPA container EntityManagerFactory for persistence unit 'default'
2017-03-31 12:02:28.058  INFO 22486 --- [restartedMain] o.hibernate.jpa.internal.util.LogHelper  : HHH000204: Processing PersistenceUnitInfo [
	name: default
	...]
2017-03-31 12:02:28.182  INFO 22486 --- [restartedMain] org.hibernate.Version                    : HHH000412: Hibernate Core {5.0.11.Final}
2017-03-31 12:02:28.184  INFO 22486 --- [restartedMain] org.hibernate.cfg.Environment            : HHH000206: hibernate.properties not found
2017-03-31 12:02:28.186  INFO 22486 --- [restartedMain] org.hibernate.cfg.Environment            : HHH000021: Bytecode provider name : javassist
2017-03-31 12:02:28.251  INFO 22486 --- [restartedMain] o.hibernate.annotations.common.Version   : HCANN000001: Hibernate Commons Annotations {5.0.1.Final}
2017-03-31 12:02:28.381  INFO 22486 --- [restartedMain] com.zaxxer.hikari.HikariDataSource       : HikariPool-1 - Started.
2017-03-31 12:02:28.631  INFO 22486 --- [restartedMain] org.hibernate.dialect.Dialect            : HHH000400: Using dialect: org.hibernate.dialect.H2Dialect
2017-03-31 12:02:28.979  WARN 22486 --- [restartedMain] n.s.ehcache.config.ConfigurationFactory  : No configuration found. Configuring ehcache from ehcache-failsafe.xml  found in the classpath: jar:file:/home/ezerbo/.m2/repository/net/sf/ehcache/ehcache-core/2.4.3/ehcache-core-2.4.3.jar!/ehcache-failsafe.xml
2017-03-31 12:02:29.408  INFO 22486 --- [restartedMain] org.hibernate.tool.hbm2ddl.SchemaExport  : HHH000227: Running hbm2ddl schema export
2017-03-31 12:02:29.469  INFO 22486 --- [restartedMain] org.hibernate.tool.hbm2ddl.SchemaExport  : HHH000230: Schema export complete
2017-03-31 12:02:29.527  INFO 22486 --- [restartedMain] j.LocalContainerEntityManagerFactoryBean : Initialized JPA EntityManagerFactory for persistence unit 'default'
2017-03-31 12:02:29.593  INFO 22486 --- [restartedMain] o.s.jdbc.datasource.init.ScriptUtils     : Executing SQL script from class path resource [data/data.sql]
2017-03-31 12:02:29.729  INFO 22486 --- [restartedMain] o.s.jdbc.datasource.init.ScriptUtils     : Executed SQL script from class path resource [data/data.sql] in 134 ms.
2017-03-31 12:02:30.176  INFO 22486 --- [restartedMain] o.h.h.i.QueryTranslatorFactoryInitiator  : HHH000397: Using ASTQueryTranslatorFactory
2017-03-31 12:02:30.289  INFO 22486 --- [net.sf.ehcache.CacheManager@2f3a91de] net.sf.ehcache.util.UpdateChecker        : New update(s) found: 2.4.7 [http://www.terracotta.org/confluence/display/release/Release+Notes+Ehcache+Core+2.4]. Please check http://ehcache.org for the latest version.
2017-03-31 12:02:31.613  INFO 22486 --- [restartedMain] s.w.s.m.m.a.RequestMappingHandlerMapping : Mapped "{[/api/care-companies],methods=[POST]}" onto public org.springframework.http.ResponseEntity<com.ss.schedulesys.domain.CareCompany> com.ss.schedulesys.web.rest.CareCompanyResource.createCareCompany(com.ss.schedulesys.domain.CareCompany) throws java.net.URISyntaxException
2017-03-31 12:02:31.614  INFO 22486 --- [restartedMain] s.w.s.m.m.a.RequestMappingHandlerMapping : Mapped "{[/api/care-companies],methods=[PUT]}" onto public org.springframework.http.ResponseEntity<com.ss.schedulesys.domain.CareCompany> com.ss.schedulesys.web.rest.CareCompanyResource.updateCareCompany(com.ss.schedulesys.domain.CareCompany) throws java.net.URISyntaxException
2017-03-31 12:02:31.615  INFO 22486 --- [restartedMain] s.w.s.m.m.a.RequestMappingHandlerMapping : Mapped "{[/api/care-companies],methods=[GET]}" onto public org.springframework.http.ResponseEntity<java.util.List<com.ss.schedulesys.domain.CareCompany>> com.ss.schedulesys.web.rest.CareCompanyResource.getAllCareCompanies(org.springframework.data.domain.Pageable) throws java.net.URISyntaxException
2017-03-31 12:02:31.617  INFO 22486 --- [restartedMain] s.w.s.m.m.a.RequestMappingHandlerMapping : Mapped "{[/api/care-companies/{id}],methods=[DELETE]}" onto public org.springframework.http.ResponseEntity<java.lang.Void> com.ss.schedulesys.web.rest.CareCompanyResource.deleteCareCompany(java.lang.Long)
2017-03-31 12:02:31.617  INFO 22486 --- [restartedMain] s.w.s.m.m.a.RequestMappingHandlerMapping : Mapped "{[/api/care-companies/{id}/schedules],methods=[GET]}" onto public org.springframework.http.ResponseEntity<java.util.List<com.ss.schedulesys.domain.Schedule>> com.ss.schedulesys.web.rest.CareCompanyResource.getSchedules(java.lang.Long)
2017-03-31 12:02:31.617  INFO 22486 --- [restartedMain] s.w.s.m.m.a.RequestMappingHandlerMapping : Mapped "{[/api/care-companies/{id}],methods=[GET]}" onto public org.springframework.http.ResponseEntity<com.ss.schedulesys.domain.CareCompany> com.ss.schedulesys.web.rest.CareCompanyResource.getCareCompany(java.lang.Long)
2017-03-31 12:02:31.618  INFO 22486 --- [restartedMain] s.w.s.m.m.a.RequestMappingHandlerMapping : Mapped "{[/api/care-company-types],methods=[GET]}" onto public org.springframework.http.ResponseEntity<java.util.List<com.ss.schedulesys.domain.CareCompanyType>> com.ss.schedulesys.web.rest.CareCompanyTypeResource.getAllCareCompanyTypes()
2017-03-31 12:02:31.626  INFO 22486 --- [restartedMain] s.w.s.m.m.a.RequestMappingHandlerMapping : Mapped "{[/api/care-company-types/{id}],methods=[GET]}" onto public org.springframework.http.ResponseEntity<com.ss.schedulesys.domain.CareCompanyType> com.ss.schedulesys.web.rest.CareCompanyTypeResource.getCareCompanyType(java.lang.Long)
2017-03-31 12:02:31.629  INFO 22486 --- [restartedMain] s.w.s.m.m.a.RequestMappingHandlerMapping : Mapped "{[/api/contacts],methods=[POST]}" onto public org.springframework.http.ResponseEntity<com.ss.schedulesys.domain.CompanyContact> com.ss.schedulesys.web.rest.CompanyContactResource.createContact(com.ss.schedulesys.domain.CompanyContact) throws java.net.URISyntaxException
2017-03-31 12:02:31.629  INFO 22486 --- [restartedMain] s.w.s.m.m.a.RequestMappingHandlerMapping : Mapped "{[/api/contacts],methods=[PUT]}" onto public org.springframework.http.ResponseEntity<com.ss.schedulesys.domain.CompanyContact> com.ss.schedulesys.web.rest.CompanyContactResource.updateContact(com.ss.schedulesys.domain.CompanyContact) throws java.net.URISyntaxException
2017-03-31 12:02:31.629  INFO 22486 --- [restartedMain] s.w.s.m.m.a.RequestMappingHandlerMapping : Mapped "{[/api/contacts],methods=[GET]}" onto public org.springframework.http.ResponseEntity<java.util.List<com.ss.schedulesys.domain.CompanyContact>> com.ss.schedulesys.web.rest.CompanyContactResource.getAllContacts(org.springframework.data.domain.Pageable) throws java.net.URISyntaxException
2017-03-31 12:02:31.629  INFO 22486 --- [restartedMain] s.w.s.m.m.a.RequestMappingHandlerMapping : Mapped "{[/api/contacts/{id}],methods=[GET]}" onto public org.springframework.http.ResponseEntity<com.ss.schedulesys.domain.CompanyContact> com.ss.schedulesys.web.rest.CompanyContactResource.getContact(java.lang.Long)
2017-03-31 12:02:31.629  INFO 22486 --- [restartedMain] s.w.s.m.m.a.RequestMappingHandlerMapping : Mapped "{[/api/contacts/{id}],methods=[DELETE]}" onto public org.springframework.http.ResponseEntity<java.lang.Void> com.ss.schedulesys.web.rest.CompanyContactResource.deleteContact(java.lang.Long)
2017-03-31 12:02:31.632  INFO 22486 --- [restartedMain] s.w.s.m.m.a.RequestMappingHandlerMapping : Mapped "{[/api/employees],methods=[GET]}" onto public org.springframework.http.ResponseEntity<java.util.List<com.ss.schedulesys.domain.Employee>> com.ss.schedulesys.web.rest.EmployeeResource.getAllEmployees(org.springframework.data.domain.Pageable) throws java.net.URISyntaxException
2017-03-31 12:02:31.633  INFO 22486 --- [restartedMain] s.w.s.m.m.a.RequestMappingHandlerMapping : Mapped "{[/api/employees/{id}/phone-numbers],methods=[GET]}" onto public org.springframework.http.ResponseEntity<java.util.List<com.ss.schedulesys.domain.PhoneNumber>> com.ss.schedulesys.web.rest.EmployeeResource.getPhoneNumbers(java.lang.Long)
2017-03-31 12:02:31.635  INFO 22486 --- [restartedMain] s.w.s.m.m.a.RequestMappingHandlerMapping : Mapped "{[/api/employees/{id}/licenses],methods=[GET]}" onto public org.springframework.http.ResponseEntity<java.util.List<com.ss.schedulesys.domain.License>> com.ss.schedulesys.web.rest.EmployeeResource.getLicenses(java.lang.Long)
2017-03-31 12:02:31.635  INFO 22486 --- [restartedMain] s.w.s.m.m.a.RequestMappingHandlerMapping : Mapped "{[/api/employees/{id}/tests],methods=[GET]}" onto public org.springframework.http.ResponseEntity<java.util.List<com.ss.schedulesys.domain.TestOccurrence>> com.ss.schedulesys.web.rest.EmployeeResource.getTests(java.lang.Long)
2017-03-31 12:02:31.636  INFO 22486 --- [restartedMain] s.w.s.m.m.a.RequestMappingHandlerMapping : Mapped "{[/api/employees],methods=[POST]}" onto public org.springframework.http.ResponseEntity<com.ss.schedulesys.domain.Employee> com.ss.schedulesys.web.rest.EmployeeResource.createEmployee(com.ss.schedulesys.domain.Employee) throws java.net.URISyntaxException
2017-03-31 12:02:31.636  INFO 22486 --- [restartedMain] s.w.s.m.m.a.RequestMappingHandlerMapping : Mapped "{[/api/employees],methods=[PUT]}" onto public org.springframework.http.ResponseEntity<com.ss.schedulesys.domain.Employee> com.ss.schedulesys.web.rest.EmployeeResource.updateEmployee(com.ss.schedulesys.domain.Employee) throws java.net.URISyntaxException
2017-03-31 12:02:31.636  INFO 22486 --- [restartedMain] s.w.s.m.m.a.RequestMappingHandlerMapping : Mapped "{[/api/employees/{id}],methods=[DELETE]}" onto public org.springframework.http.ResponseEntity<java.lang.Void> com.ss.schedulesys.web.rest.EmployeeResource.deleteEmployee(java.lang.Long)
2017-03-31 12:02:31.636  INFO 22486 --- [restartedMain] s.w.s.m.m.a.RequestMappingHandlerMapping : Mapped "{[/api/employees/{id}/schedules],methods=[GET]}" onto public org.springframework.http.ResponseEntity<java.util.List<com.ss.schedulesys.domain.Schedule>> com.ss.schedulesys.web.rest.EmployeeResource.getSchedules(java.lang.Long)
2017-03-31 12:02:31.637  INFO 22486 --- [restartedMain] s.w.s.m.m.a.RequestMappingHandlerMapping : Mapped "{[/api/employees/{id}],methods=[GET]}" onto public org.springframework.http.ResponseEntity<com.ss.schedulesys.domain.Employee> com.ss.schedulesys.web.rest.EmployeeResource.getEmployee(java.lang.Long)
2017-03-31 12:02:31.639  INFO 22486 --- [restartedMain] s.w.s.m.m.a.RequestMappingHandlerMapping : Mapped "{[/api/employee-types],methods=[GET]}" onto public org.springframework.http.ResponseEntity<java.util.List<com.ss.schedulesys.domain.EmployeeType>> com.ss.schedulesys.web.rest.EmployeeTypeResource.getAllEmployeeTypes() throws java.net.URISyntaxException
2017-03-31 12:02:31.640  INFO 22486 --- [restartedMain] s.w.s.m.m.a.RequestMappingHandlerMapping : Mapped "{[/api/employee-types/{id}],methods=[GET]}" onto public org.springframework.http.ResponseEntity<com.ss.schedulesys.domain.EmployeeType> com.ss.schedulesys.web.rest.EmployeeTypeResource.getEmployeeType(java.lang.Long)
2017-03-31 12:02:31.649  INFO 22486 --- [restartedMain] s.w.s.m.m.a.RequestMappingHandlerMapping : Mapped "{[/api/licenses],methods=[POST]}" onto public org.springframework.http.ResponseEntity<com.ss.schedulesys.domain.License> com.ss.schedulesys.web.rest.LicenseResource.createLicense(com.ss.schedulesys.domain.License) throws java.net.URISyntaxException
2017-03-31 12:02:31.649  INFO 22486 --- [restartedMain] s.w.s.m.m.a.RequestMappingHandlerMapping : Mapped "{[/api/licenses],methods=[PUT]}" onto public org.springframework.http.ResponseEntity<com.ss.schedulesys.domain.License> com.ss.schedulesys.web.rest.LicenseResource.updateLicense(com.ss.schedulesys.domain.License) throws java.net.URISyntaxException
2017-03-31 12:02:31.650  INFO 22486 --- [restartedMain] s.w.s.m.m.a.RequestMappingHandlerMapping : Mapped "{[/api/licenses],methods=[GET]}" onto public org.springframework.http.ResponseEntity<java.util.List<com.ss.schedulesys.domain.License>> com.ss.schedulesys.web.rest.LicenseResource.getAllLicenses(org.springframework.data.domain.Pageable) throws java.net.URISyntaxException
2017-03-31 12:02:31.650  INFO 22486 --- [restartedMain] s.w.s.m.m.a.RequestMappingHandlerMapping : Mapped "{[/api/licenses/{id}],methods=[GET]}" onto public org.springframework.http.ResponseEntity<com.ss.schedulesys.domain.License> com.ss.schedulesys.web.rest.LicenseResource.getLicense(java.lang.Long)
2017-03-31 12:02:31.650  INFO 22486 --- [restartedMain] s.w.s.m.m.a.RequestMappingHandlerMapping : Mapped "{[/api/licenses/{id}],methods=[DELETE]}" onto public org.springframework.http.ResponseEntity<java.lang.Void> com.ss.schedulesys.web.rest.LicenseResource.deleteLicense(java.lang.Long)
2017-03-31 12:02:31.653  INFO 22486 --- [restartedMain] s.w.s.m.m.a.RequestMappingHandlerMapping : Mapped "{[/api/license-types/{id}],methods=[GET]}" onto public org.springframework.http.ResponseEntity<com.ss.schedulesys.domain.LicenseType> com.ss.schedulesys.web.rest.LicenseTypeResource.getLicenseType(java.lang.Long)
2017-03-31 12:02:31.653  INFO 22486 --- [restartedMain] s.w.s.m.m.a.RequestMappingHandlerMapping : Mapped "{[/api/license-types],methods=[GET]}" onto public org.springframework.http.ResponseEntity<java.util.List<com.ss.schedulesys.domain.LicenseType>> com.ss.schedulesys.web.rest.LicenseTypeResource.getAllLicenseTypes() throws java.net.URISyntaxException
2017-03-31 12:02:31.653  INFO 22486 --- [restartedMain] s.w.s.m.m.a.RequestMappingHandlerMapping : Mapped "{[/api/license-types/{id}],methods=[DELETE]}" onto public org.springframework.http.ResponseEntity<java.lang.Void> com.ss.schedulesys.web.rest.LicenseTypeResource.deleteLicenseType(java.lang.Long)
2017-03-31 12:02:31.657  INFO 22486 --- [restartedMain] s.w.s.m.m.a.RequestMappingHandlerMapping : Mapped "{[/api/phone-numbers/{id}],methods=[GET]}" onto public org.springframework.http.ResponseEntity<com.ss.schedulesys.domain.PhoneNumber> com.ss.schedulesys.web.rest.PhoneNumberResource.getPhoneNumber(java.lang.Long)
2017-03-31 12:02:31.658  INFO 22486 --- [restartedMain] s.w.s.m.m.a.RequestMappingHandlerMapping : Mapped "{[/api/phone-numbers/{id}],methods=[DELETE]}" onto public org.springframework.http.ResponseEntity<java.lang.Void> com.ss.schedulesys.web.rest.PhoneNumberResource.deletePhoneNumber(java.lang.Long)
2017-03-31 12:02:31.658  INFO 22486 --- [restartedMain] s.w.s.m.m.a.RequestMappingHandlerMapping : Mapped "{[/api/phone-numbers],methods=[POST]}" onto public org.springframework.http.ResponseEntity<com.ss.schedulesys.domain.PhoneNumber> com.ss.schedulesys.web.rest.PhoneNumberResource.createPhoneNumber(com.ss.schedulesys.domain.PhoneNumber) throws java.net.URISyntaxException
2017-03-31 12:02:31.658  INFO 22486 --- [restartedMain] s.w.s.m.m.a.RequestMappingHandlerMapping : Mapped "{[/api/phone-numbers],methods=[PUT]}" onto public org.springframework.http.ResponseEntity<com.ss.schedulesys.domain.PhoneNumber> com.ss.schedulesys.web.rest.PhoneNumberResource.updatePhoneNumber(com.ss.schedulesys.domain.PhoneNumber) throws java.net.URISyntaxException
2017-03-31 12:02:31.658  INFO 22486 --- [restartedMain] s.w.s.m.m.a.RequestMappingHandlerMapping : Mapped "{[/api/phone-numbers],methods=[GET]}" onto public org.springframework.http.ResponseEntity<java.util.List<com.ss.schedulesys.domain.PhoneNumber>> com.ss.schedulesys.web.rest.PhoneNumberResource.getAllPhoneNumbers(org.springframework.data.domain.Pageable) throws java.net.URISyntaxException
2017-03-31 12:02:31.660  INFO 22486 --- [restartedMain] s.w.s.m.m.a.RequestMappingHandlerMapping : Mapped "{[/api/schedule-post-statuses/{id}],methods=[GET]}" onto public org.springframework.http.ResponseEntity<com.ss.schedulesys.domain.SchedulePostStatus> com.ss.schedulesys.web.rest.SchedulePostStatusResource.getSchedulePostStatus(java.lang.Long)
2017-03-31 12:02:31.661  INFO 22486 --- [restartedMain] s.w.s.m.m.a.RequestMappingHandlerMapping : Mapped "{[/api/schedule-post-statuses],methods=[PUT]}" onto public org.springframework.http.ResponseEntity<com.ss.schedulesys.domain.SchedulePostStatus> com.ss.schedulesys.web.rest.SchedulePostStatusResource.updateSchedulePostStatus(com.ss.schedulesys.domain.SchedulePostStatus) throws java.net.URISyntaxException
2017-03-31 12:02:31.661  INFO 22486 --- [restartedMain] s.w.s.m.m.a.RequestMappingHandlerMapping : Mapped "{[/api/schedule-post-statuses],methods=[GET]}" onto public org.springframework.http.ResponseEntity<java.util.List<com.ss.schedulesys.domain.SchedulePostStatus>> com.ss.schedulesys.web.rest.SchedulePostStatusResource.getAllSchedulePostStatuses() throws java.net.URISyntaxException
2017-03-31 12:02:31.661  INFO 22486 --- [restartedMain] s.w.s.m.m.a.RequestMappingHandlerMapping : Mapped "{[/api/schedule-post-statuses/{id}],methods=[DELETE]}" onto public org.springframework.http.ResponseEntity<java.lang.Void> com.ss.schedulesys.web.rest.SchedulePostStatusResource.deleteSchedulePostStatus(java.lang.Long)
2017-03-31 12:02:31.661  INFO 22486 --- [restartedMain] s.w.s.m.m.a.RequestMappingHandlerMapping : Mapped "{[/api/schedule-post-statuses],methods=[POST]}" onto public org.springframework.http.ResponseEntity<com.ss.schedulesys.domain.SchedulePostStatus> com.ss.schedulesys.web.rest.SchedulePostStatusResource.createSchedulePostStatus(com.ss.schedulesys.domain.SchedulePostStatus) throws java.net.URISyntaxException
2017-03-31 12:02:31.666  INFO 22486 --- [restartedMain] s.w.s.m.m.a.RequestMappingHandlerMapping : Mapped "{[/api/schedules],methods=[POST]}" onto public org.springframework.http.ResponseEntity<com.ss.schedulesys.domain.Schedule> com.ss.schedulesys.web.rest.ScheduleResource.createSchedule(com.ss.schedulesys.domain.Schedule) throws java.net.URISyntaxException
2017-03-31 12:02:31.666  INFO 22486 --- [restartedMain] s.w.s.m.m.a.RequestMappingHandlerMapping : Mapped "{[/api/schedules],methods=[PUT]}" onto public org.springframework.http.ResponseEntity<com.ss.schedulesys.domain.Schedule> com.ss.schedulesys.web.rest.ScheduleResource.updateSchedule(com.ss.schedulesys.domain.Schedule) throws java.net.URISyntaxException
2017-03-31 12:02:31.666  INFO 22486 --- [restartedMain] s.w.s.m.m.a.RequestMappingHandlerMapping : Mapped "{[/api/schedules],methods=[GET]}" onto public org.springframework.http.ResponseEntity<java.util.List<com.ss.schedulesys.domain.Schedule>> com.ss.schedulesys.web.rest.ScheduleResource.getAllSchedules(org.springframework.data.domain.Pageable) throws java.net.URISyntaxException
2017-03-31 12:02:31.667  INFO 22486 --- [restartedMain] s.w.s.m.m.a.RequestMappingHandlerMapping : Mapped "{[/api/schedules/{id}],methods=[GET]}" onto public org.springframework.http.ResponseEntity<com.ss.schedulesys.domain.Schedule> com.ss.schedulesys.web.rest.ScheduleResource.getSchedule(java.lang.Long)
2017-03-31 12:02:31.669  INFO 22486 --- [restartedMain] s.w.s.m.m.a.RequestMappingHandlerMapping : Mapped "{[/api/schedules/{id}],methods=[DELETE]}" onto public org.springframework.http.ResponseEntity<java.lang.Void> com.ss.schedulesys.web.rest.ScheduleResource.deleteSchedule(java.lang.Long)
2017-03-31 12:02:31.675  INFO 22486 --- [restartedMain] s.w.s.m.m.a.RequestMappingHandlerMapping : Mapped "{[/api/schedule-statuses/{id}],methods=[GET]}" onto public org.springframework.http.ResponseEntity<com.ss.schedulesys.domain.ScheduleStatus> com.ss.schedulesys.web.rest.ScheduleStatusResource.getScheduleStatus(java.lang.Long)
2017-03-31 12:02:31.675  INFO 22486 --- [restartedMain] s.w.s.m.m.a.RequestMappingHandlerMapping : Mapped "{[/api/schedule-statuses],methods=[POST]}" onto public org.springframework.http.ResponseEntity<com.ss.schedulesys.domain.ScheduleStatus> com.ss.schedulesys.web.rest.ScheduleStatusResource.createScheduleStatus(com.ss.schedulesys.domain.ScheduleStatus) throws java.net.URISyntaxException
2017-03-31 12:02:31.675  INFO 22486 --- [restartedMain] s.w.s.m.m.a.RequestMappingHandlerMapping : Mapped "{[/api/schedule-statuses],methods=[PUT]}" onto public org.springframework.http.ResponseEntity<com.ss.schedulesys.domain.ScheduleStatus> com.ss.schedulesys.web.rest.ScheduleStatusResource.updateScheduleStatus(com.ss.schedulesys.domain.ScheduleStatus) throws java.net.URISyntaxException
2017-03-31 12:02:31.675  INFO 22486 --- [restartedMain] s.w.s.m.m.a.RequestMappingHandlerMapping : Mapped "{[/api/schedule-statuses],methods=[GET]}" onto public org.springframework.http.ResponseEntity<java.util.List<com.ss.schedulesys.domain.ScheduleStatus>> com.ss.schedulesys.web.rest.ScheduleStatusResource.getAllScheduleStatuses() throws java.net.URISyntaxException
2017-03-31 12:02:31.676  INFO 22486 --- [restartedMain] s.w.s.m.m.a.RequestMappingHandlerMapping : Mapped "{[/api/schedule-statuses/{id}],methods=[DELETE]}" onto public org.springframework.http.ResponseEntity<java.lang.Void> com.ss.schedulesys.web.rest.ScheduleStatusResource.deleteScheduleStatus(java.lang.Long)
2017-03-31 12:02:31.678  INFO 22486 --- [restartedMain] s.w.s.m.m.a.RequestMappingHandlerMapping : Mapped "{[/api/test-occurrences],methods=[POST]}" onto public org.springframework.http.ResponseEntity<com.ss.schedulesys.domain.TestOccurrence> com.ss.schedulesys.web.rest.TestOccurrenceResource.createTestOccurrence(com.ss.schedulesys.domain.TestOccurrence) throws java.net.URISyntaxException
2017-03-31 12:02:31.678  INFO 22486 --- [restartedMain] s.w.s.m.m.a.RequestMappingHandlerMapping : Mapped "{[/api/test-occurrences],methods=[PUT]}" onto public org.springframework.http.ResponseEntity<com.ss.schedulesys.domain.TestOccurrence> com.ss.schedulesys.web.rest.TestOccurrenceResource.updateTestOccurrence(com.ss.schedulesys.domain.TestOccurrence) throws java.net.URISyntaxException
2017-03-31 12:02:31.679  INFO 22486 --- [restartedMain] s.w.s.m.m.a.RequestMappingHandlerMapping : Mapped "{[/api/test-occurrences],methods=[GET]}" onto public org.springframework.http.ResponseEntity<java.util.List<com.ss.schedulesys.domain.TestOccurrence>> com.ss.schedulesys.web.rest.TestOccurrenceResource.getAllTestOcurrences(org.springframework.data.domain.Pageable) throws java.net.URISyntaxException
2017-03-31 12:02:31.679  INFO 22486 --- [restartedMain] s.w.s.m.m.a.RequestMappingHandlerMapping : Mapped "{[/api/test-occurrences/{id}],methods=[DELETE]}" onto public org.springframework.http.ResponseEntity<java.lang.Void> com.ss.schedulesys.web.rest.TestOccurrenceResource.deleteTestOccurrence(java.lang.Long)
2017-03-31 12:02:31.687  INFO 22486 --- [restartedMain] s.w.s.m.m.a.RequestMappingHandlerMapping : Mapped "{[/api/tests/{id}],methods=[GET]}" onto public org.springframework.http.ResponseEntity<com.ss.schedulesys.domain.Test> com.ss.schedulesys.web.rest.TestResource.getTest(java.lang.Long)
2017-03-31 12:02:31.687  INFO 22486 --- [restartedMain] s.w.s.m.m.a.RequestMappingHandlerMapping : Mapped "{[/api/tests],methods=[POST]}" onto public org.springframework.http.ResponseEntity<com.ss.schedulesys.domain.Test> com.ss.schedulesys.web.rest.TestResource.createTest(com.ss.schedulesys.domain.Test) throws java.net.URISyntaxException
2017-03-31 12:02:31.687  INFO 22486 --- [restartedMain] s.w.s.m.m.a.RequestMappingHandlerMapping : Mapped "{[/api/tests],methods=[PUT]}" onto public org.springframework.http.ResponseEntity<com.ss.schedulesys.domain.Test> com.ss.schedulesys.web.rest.TestResource.updateTest(com.ss.schedulesys.domain.Test) throws java.net.URISyntaxException
2017-03-31 12:02:31.688  INFO 22486 --- [restartedMain] s.w.s.m.m.a.RequestMappingHandlerMapping : Mapped "{[/api/tests],methods=[GET]}" onto public org.springframework.http.ResponseEntity<java.util.List<com.ss.schedulesys.domain.Test>> com.ss.schedulesys.web.rest.TestResource.getAllTests(org.springframework.data.domain.Pageable) throws java.net.URISyntaxException
2017-03-31 12:02:31.688  INFO 22486 --- [restartedMain] s.w.s.m.m.a.RequestMappingHandlerMapping : Mapped "{[/api/tests/{id}/subcategories],methods=[GET]}" onto public org.springframework.http.ResponseEntity<java.util.List<com.ss.schedulesys.domain.TestSubcategory>> com.ss.schedulesys.web.rest.TestResource.getAllSubcategories(java.lang.Long)
2017-03-31 12:02:31.688  INFO 22486 --- [restartedMain] s.w.s.m.m.a.RequestMappingHandlerMapping : Mapped "{[/api/tests/{id}],methods=[DELETE]}" onto public org.springframework.http.ResponseEntity<java.lang.Void> com.ss.schedulesys.web.rest.TestResource.deleteTest(java.lang.Long)
2017-03-31 12:02:31.691  INFO 22486 --- [restartedMain] s.w.s.m.m.a.RequestMappingHandlerMapping : Mapped "{[/api/test-sub-categories/{id}],methods=[GET]}" onto public org.springframework.http.ResponseEntity<com.ss.schedulesys.domain.TestSubcategory> com.ss.schedulesys.web.rest.TestSubCategoryResource.getTestSubcategory(java.lang.Long)
2017-03-31 12:02:31.691  INFO 22486 --- [restartedMain] s.w.s.m.m.a.RequestMappingHandlerMapping : Mapped "{[/api/test-sub-categories],methods=[POST]}" onto public org.springframework.http.ResponseEntity<com.ss.schedulesys.domain.TestSubcategory> com.ss.schedulesys.web.rest.TestSubCategoryResource.createTestSubcategory(com.ss.schedulesys.domain.TestSubcategory) throws java.net.URISyntaxException
2017-03-31 12:02:31.692  INFO 22486 --- [restartedMain] s.w.s.m.m.a.RequestMappingHandlerMapping : Mapped "{[/api/test-sub-categories],methods=[PUT]}" onto public org.springframework.http.ResponseEntity<com.ss.schedulesys.domain.TestSubcategory> com.ss.schedulesys.web.rest.TestSubCategoryResource.updateTestSubcategory(com.ss.schedulesys.domain.TestSubcategory) throws java.net.URISyntaxException
2017-03-31 12:02:31.692  INFO 22486 --- [restartedMain] s.w.s.m.m.a.RequestMappingHandlerMapping : Mapped "{[/api/test-sub-categories],methods=[GET]}" onto public org.springframework.http.ResponseEntity<java.util.List<com.ss.schedulesys.domain.TestSubcategory>> com.ss.schedulesys.web.rest.TestSubCategoryResource.getAllTestSubCategories(org.springframework.data.domain.Pageable) throws java.net.URISyntaxException
2017-03-31 12:02:31.693  INFO 22486 --- [restartedMain] s.w.s.m.m.a.RequestMappingHandlerMapping : Mapped "{[/api/test-sub-categories/{id}],methods=[DELETE]}" onto public org.springframework.http.ResponseEntity<java.lang.Void> com.ss.schedulesys.web.rest.TestSubCategoryResource.deleteTestSubcategory(java.lang.Long)
2017-03-31 12:02:31.694  INFO 22486 --- [restartedMain] s.w.s.m.m.a.RequestMappingHandlerMapping : Mapped "{[/api/user-roles],methods=[GET]}" onto public org.springframework.http.ResponseEntity<java.util.List<com.ss.schedulesys.domain.UserRole>> com.ss.schedulesys.web.rest.UserRoleResource.getAllUserRoles()
2017-03-31 12:02:31.696  INFO 22486 --- [restartedMain] s.w.s.m.m.a.RequestMappingHandlerMapping : Mapped "{[/v2/api-docs],methods=[GET],produces=[application/json || application/hal+json]}" onto public org.springframework.http.ResponseEntity<springfox.documentation.spring.web.json.Json> springfox.documentation.swagger2.web.Swagger2Controller.getDocumentation(java.lang.String,javax.servlet.http.HttpServletRequest)
2017-03-31 12:02:31.701  INFO 22486 --- [restartedMain] s.w.s.m.m.a.RequestMappingHandlerMapping : Mapped "{[/swagger-resources/configuration/ui]}" onto org.springframework.http.ResponseEntity<springfox.documentation.swagger.web.UiConfiguration> springfox.documentation.swagger.web.ApiResourceController.uiConfiguration()
2017-03-31 12:02:31.702  INFO 22486 --- [restartedMain] s.w.s.m.m.a.RequestMappingHandlerMapping : Mapped "{[/swagger-resources]}" onto org.springframework.http.ResponseEntity<java.util.List<springfox.documentation.swagger.web.SwaggerResource>> springfox.documentation.swagger.web.ApiResourceController.swaggerResources()
2017-03-31 12:02:31.703  INFO 22486 --- [restartedMain] s.w.s.m.m.a.RequestMappingHandlerMapping : Mapped "{[/swagger-resources/configuration/security]}" onto org.springframework.http.ResponseEntity<springfox.documentation.swagger.web.SecurityConfiguration> springfox.documentation.swagger.web.ApiResourceController.securityConfiguration()
2017-03-31 12:02:31.707  INFO 22486 --- [restartedMain] s.w.s.m.m.a.RequestMappingHandlerMapping : Mapped "{[/error],produces=[text/html]}" onto public org.springframework.web.servlet.ModelAndView org.springframework.boot.autoconfigure.web.BasicErrorController.errorHtml(javax.servlet.http.HttpServletRequest,javax.servlet.http.HttpServletResponse)
2017-03-31 12:02:31.707  INFO 22486 --- [restartedMain] s.w.s.m.m.a.RequestMappingHandlerMapping : Mapped "{[/error]}" onto public org.springframework.http.ResponseEntity<java.util.Map<java.lang.String, java.lang.Object>> org.springframework.boot.autoconfigure.web.BasicErrorController.error(javax.servlet.http.HttpServletRequest)
2017-03-31 12:02:32.059  INFO 22486 --- [restartedMain] o.s.b.a.e.mvc.EndpointHandlerMapping     : Mapped "{[/management/mappings || /management/mappings.json],methods=[GET],produces=[application/json]}" onto public java.lang.Object org.springframework.boot.actuate.endpoint.mvc.EndpointMvcAdapter.invoke()
2017-03-31 12:02:32.061  INFO 22486 --- [restartedMain] o.s.b.a.e.mvc.EndpointHandlerMapping     : Mapped "{[/management/autoconfig || /management/autoconfig.json],methods=[GET],produces=[application/json]}" onto public java.lang.Object org.springframework.boot.actuate.endpoint.mvc.EndpointMvcAdapter.invoke()
2017-03-31 12:02:32.062  INFO 22486 --- [restartedMain] o.s.b.a.e.mvc.EndpointHandlerMapping     : Mapped "{[/management/dump || /management/dump.json],methods=[GET],produces=[application/json]}" onto public java.lang.Object org.springframework.boot.actuate.endpoint.mvc.EndpointMvcAdapter.invoke()
2017-03-31 12:02:32.062  INFO 22486 --- [restartedMain] o.s.b.a.e.mvc.EndpointHandlerMapping     : Mapped "{[/management/beans || /management/beans.json],methods=[GET],produces=[application/json]}" onto public java.lang.Object org.springframework.boot.actuate.endpoint.mvc.EndpointMvcAdapter.invoke()
2017-03-31 12:02:32.063  INFO 22486 --- [restartedMain] o.s.b.a.e.mvc.EndpointHandlerMapping     : Mapped "{[/management/configprops || /management/configprops.json],methods=[GET],produces=[application/json]}" onto public java.lang.Object org.springframework.boot.actuate.endpoint.mvc.EndpointMvcAdapter.invoke()
2017-03-31 12:02:32.063  INFO 22486 --- [restartedMain] o.s.b.a.e.mvc.EndpointHandlerMapping     : Mapped "{[/management/info || /management/info.json],methods=[GET],produces=[application/json]}" onto public java.lang.Object org.springframework.boot.actuate.endpoint.mvc.EndpointMvcAdapter.invoke()
2017-03-31 12:02:32.064  INFO 22486 --- [restartedMain] o.s.b.a.e.mvc.EndpointHandlerMapping     : Mapped "{[/management/heapdump || /management/heapdump.json],methods=[GET],produces=[application/octet-stream]}" onto public void org.springframework.boot.actuate.endpoint.mvc.HeapdumpMvcEndpoint.invoke(boolean,javax.servlet.http.HttpServletRequest,javax.servlet.http.HttpServletResponse) throws java.io.IOException,javax.servlet.ServletException
2017-03-31 12:02:32.064  INFO 22486 --- [restartedMain] o.s.b.a.e.mvc.EndpointHandlerMapping     : Mapped "{[/management/logfile || /management/logfile.json],methods=[GET || HEAD]}" onto public void org.springframework.boot.actuate.endpoint.mvc.LogFileMvcEndpoint.invoke(javax.servlet.http.HttpServletRequest,javax.servlet.http.HttpServletResponse) throws javax.servlet.ServletException,java.io.IOException
2017-03-31 12:02:32.065  INFO 22486 --- [restartedMain] o.s.b.a.e.mvc.EndpointHandlerMapping     : Mapped "{[/management/metrics/{name:.*}],methods=[GET],produces=[application/json]}" onto public java.lang.Object org.springframework.boot.actuate.endpoint.mvc.MetricsMvcEndpoint.value(java.lang.String)
2017-03-31 12:02:32.065  INFO 22486 --- [restartedMain] o.s.b.a.e.mvc.EndpointHandlerMapping     : Mapped "{[/management/metrics || /management/metrics.json],methods=[GET],produces=[application/json]}" onto public java.lang.Object org.springframework.boot.actuate.endpoint.mvc.EndpointMvcAdapter.invoke()
2017-03-31 12:02:32.066  INFO 22486 --- [restartedMain] o.s.b.a.e.mvc.EndpointHandlerMapping     : Mapped "{[/management/env/{name:.*}],methods=[GET],produces=[application/json]}" onto public java.lang.Object org.springframework.boot.actuate.endpoint.mvc.EnvironmentMvcEndpoint.value(java.lang.String)
2017-03-31 12:02:32.066  INFO 22486 --- [restartedMain] o.s.b.a.e.mvc.EndpointHandlerMapping     : Mapped "{[/management/env || /management/env.json],methods=[GET],produces=[application/json]}" onto public java.lang.Object org.springframework.boot.actuate.endpoint.mvc.EndpointMvcAdapter.invoke()
2017-03-31 12:02:32.066  INFO 22486 --- [restartedMain] o.s.b.a.e.mvc.EndpointHandlerMapping     : Mapped "{[/management/health || /management/health.json],produces=[application/json]}" onto public java.lang.Object org.springframework.boot.actuate.endpoint.mvc.HealthMvcEndpoint.invoke(java.security.Principal)
2017-03-31 12:02:32.067  INFO 22486 --- [restartedMain] o.s.b.a.e.mvc.EndpointHandlerMapping     : Mapped "{[/management/liquibase || /management/liquibase.json],methods=[GET],produces=[application/json]}" onto public java.lang.Object org.springframework.boot.actuate.endpoint.mvc.EndpointMvcAdapter.invoke()
2017-03-31 12:02:32.067  INFO 22486 --- [restartedMain] o.s.b.a.e.mvc.EndpointHandlerMapping     : Mapped "{[/management/trace || /management/trace.json],methods=[GET],produces=[application/json]}" onto public java.lang.Object org.springframework.boot.actuate.endpoint.mvc.EndpointMvcAdapter.invoke()
2017-03-31 12:02:32.191  INFO 22486 --- [restartedMain] org.dozer.config.GlobalSettings          : Trying to find Dozer configuration file: dozer.properties
2017-03-31 12:02:32.197  WARN 22486 --- [restartedMain] org.dozer.config.GlobalSettings          : Dozer configuration file not found: dozer.properties.  Using defaults for all Dozer global properties.
2017-03-31 12:02:32.199  INFO 22486 --- [restartedMain] org.dozer.DozerInitializer               : Initializing Dozer. Version: 5.5.0, Thread Name: restartedMain
2017-03-31 12:02:32.201  INFO 22486 --- [restartedMain] org.dozer.jmx.JMXPlatformImpl            : Dozer JMX MBean [org.dozer.jmx:type=DozerStatisticsController] auto registered with the Platform MBean Server
2017-03-31 12:02:32.203  INFO 22486 --- [restartedMain] org.dozer.jmx.JMXPlatformImpl            : Dozer JMX MBean [org.dozer.jmx:type=DozerAdminController] auto registered with the Platform MBean Server
2017-03-31 12:02:32.203  INFO 22486 --- [restartedMain] org.dozer.DozerBeanMapper                : Initializing a new instance of dozer bean mapper.
2017-03-31 12:02:32.302  INFO 22486 --- [restartedMain] s.w.s.m.m.a.RequestMappingHandlerAdapter : Looking for @ControllerAdvice: org.springframework.boot.context.embedded.AnnotationConfigEmbeddedWebApplicationContext@950dcb3: startup date [Fri Mar 31 12:02:24 EDT 2017]; root of context hierarchy
2017-03-31 12:02:32.361  INFO 22486 --- [restartedMain] o.s.w.s.handler.SimpleUrlHandlerMapping  : Mapped URL path [/webjars/**] onto handler of type [class org.springframework.web.servlet.resource.ResourceHttpRequestHandler]
2017-03-31 12:02:32.361  INFO 22486 --- [restartedMain] o.s.w.s.handler.SimpleUrlHandlerMapping  : Mapped URL path [/**] onto handler of type [class org.springframework.web.servlet.resource.ResourceHttpRequestHandler]
2017-03-31 12:02:32.378  INFO 22486 --- [restartedMain] .m.m.a.ExceptionHandlerExceptionResolver : Detected @ExceptionHandler methods in exceptionTranslator
2017-03-31 12:02:32.691  INFO 22486 --- [restartedMain] o.s.b.d.a.OptionalLiveReloadServer       : LiveReload server is running on port 35729
2017-03-31 12:02:32.751  INFO 22486 --- [restartedMain] o.s.j.e.a.AnnotationMBeanExporter        : Registering beans for JMX exposure on startup
2017-03-31 12:02:32.753  INFO 22486 --- [restartedMain] o.s.j.e.a.AnnotationMBeanExporter        : Bean with name 'dataSource' has been autodetected for JMX exposure
2017-03-31 12:02:32.762  INFO 22486 --- [restartedMain] o.s.j.e.a.AnnotationMBeanExporter        : Located MBean 'dataSource': registering with JMX server as MBean [com.zaxxer.hikari:name=dataSource,type=HikariDataSource]
2017-03-31 12:02:32.770  INFO 22486 --- [restartedMain] o.s.c.support.DefaultLifecycleProcessor  : Starting beans in phase 0
2017-03-31 12:02:32.848  INFO 22486 --- [restartedMain] o.s.c.support.DefaultLifecycleProcessor  : Starting beans in phase 2147483647
2017-03-31 12:02:32.849  INFO 22486 --- [restartedMain] d.s.w.p.DocumentationPluginsBootstrapper : Context refreshed
2017-03-31 12:02:32.871  INFO 22486 --- [restartedMain] d.s.w.p.DocumentationPluginsBootstrapper : Found 1 custom documentation plugin(s)
2017-03-31 12:02:32.892  INFO 22486 --- [restartedMain] s.d.s.w.s.ApiListingReferenceScanner     : Scanning for api listing references
2017-03-31 12:02:33.365  INFO 22486 --- [restartedMain] .d.s.w.r.o.CachingOperationNameGenerator : Generating unique operation named: getSchedulesUsingGET_1
2017-03-31 12:02:33.402  INFO 22486 --- [restartedMain] .d.s.w.r.o.CachingOperationNameGenerator : Generating unique operation named: invokeUsingGET_1
2017-03-31 12:02:33.404  INFO 22486 --- [restartedMain] .d.s.w.r.o.CachingOperationNameGenerator : Generating unique operation named: invokeUsingGET_2
2017-03-31 12:02:33.406  INFO 22486 --- [restartedMain] .d.s.w.r.o.CachingOperationNameGenerator : Generating unique operation named: invokeUsingGET_3
2017-03-31 12:02:33.408  INFO 22486 --- [restartedMain] .d.s.w.r.o.CachingOperationNameGenerator : Generating unique operation named: invokeUsingGET_4
2017-03-31 12:02:33.410  INFO 22486 --- [restartedMain] .d.s.w.r.o.CachingOperationNameGenerator : Generating unique operation named: invokeUsingGET_5
2017-03-31 12:02:33.412  INFO 22486 --- [restartedMain] .d.s.w.r.o.CachingOperationNameGenerator : Generating unique operation named: invokeUsingGET_6
2017-03-31 12:02:33.413  INFO 22486 --- [restartedMain] .d.s.w.r.o.CachingOperationNameGenerator : Generating unique operation named: invokeUsingGET_7
2017-03-31 12:02:33.415  INFO 22486 --- [restartedMain] .d.s.w.r.o.CachingOperationNameGenerator : Generating unique operation named: invokeUsingGET_8
2017-03-31 12:02:33.417  INFO 22486 --- [restartedMain] .d.s.w.r.o.CachingOperationNameGenerator : Generating unique operation named: invokeUsingGET_9
2017-03-31 12:02:33.419  INFO 22486 --- [restartedMain] .d.s.w.r.o.CachingOperationNameGenerator : Generating unique operation named: invokeUsingGET_10
2017-03-31 12:02:33.421  INFO 22486 --- [restartedMain] .d.s.w.r.o.CachingOperationNameGenerator : Generating unique operation named: invokeUsingGET_11
2017-03-31 12:02:33.423  INFO 22486 --- [restartedMain] .d.s.w.r.o.CachingOperationNameGenerator : Generating unique operation named: invokeUsingGET_12
2017-03-31 12:02:33.425  INFO 22486 --- [restartedMain] .d.s.w.r.o.CachingOperationNameGenerator : Generating unique operation named: invokeUsingGET_13
2017-03-31 12:02:33.427  INFO 22486 --- [restartedMain] .d.s.w.r.o.CachingOperationNameGenerator : Generating unique operation named: invokeUsingGET_14
2017-03-31 12:02:33.429  INFO 22486 --- [restartedMain] .d.s.w.r.o.CachingOperationNameGenerator : Generating unique operation named: invokeUsingGET_15
2017-03-31 12:02:33.432  INFO 22486 --- [restartedMain] .d.s.w.r.o.CachingOperationNameGenerator : Generating unique operation named: invokeUsingGET_16
2017-03-31 12:02:33.433  INFO 22486 --- [restartedMain] .d.s.w.r.o.CachingOperationNameGenerator : Generating unique operation named: invokeUsingGET_17
2017-03-31 12:02:33.445  INFO 22486 --- [restartedMain] .d.s.w.r.o.CachingOperationNameGenerator : Generating unique operation named: invokeUsingGET_18
2017-03-31 12:02:33.485  INFO 22486 --- [restartedMain] .d.s.w.r.o.CachingOperationNameGenerator : Generating unique operation named: invokeUsingGET_19
2017-03-31 12:02:33.489  INFO 22486 --- [restartedMain] .d.s.w.r.o.CachingOperationNameGenerator : Generating unique operation named: invokeUsingHEAD_1
2017-03-31 12:02:33.492  INFO 22486 --- [restartedMain] .d.s.w.r.o.CachingOperationNameGenerator : Generating unique operation named: invokeUsingPOST_1
2017-03-31 12:02:33.496  INFO 22486 --- [restartedMain] .d.s.w.r.o.CachingOperationNameGenerator : Generating unique operation named: invokeUsingPUT_1
2017-03-31 12:02:33.499  INFO 22486 --- [restartedMain] .d.s.w.r.o.CachingOperationNameGenerator : Generating unique operation named: invokeUsingPATCH_1
2017-03-31 12:02:33.502  INFO 22486 --- [restartedMain] .d.s.w.r.o.CachingOperationNameGenerator : Generating unique operation named: invokeUsingDELETE_1
2017-03-31 12:02:33.505  INFO 22486 --- [restartedMain] .d.s.w.r.o.CachingOperationNameGenerator : Generating unique operation named: invokeUsingOPTIONS_1
2017-03-31 12:02:33.507  INFO 22486 --- [restartedMain] .d.s.w.r.o.CachingOperationNameGenerator : Generating unique operation named: invokeUsingTRACE_1
2017-03-31 12:02:33.515  INFO 22486 --- [restartedMain] .d.s.w.r.o.CachingOperationNameGenerator : Generating unique operation named: invokeUsingGET_20
2017-03-31 12:02:33.520  INFO 22486 --- [restartedMain] .d.s.w.r.o.CachingOperationNameGenerator : Generating unique operation named: invokeUsingGET_21
2017-03-31 12:02:33.564  INFO 22486 --- [restartedMain] .d.s.w.r.o.CachingOperationNameGenerator : Generating unique operation named: invokeUsingGET_22
2017-03-31 12:02:33.568  INFO 22486 --- [restartedMain] .d.s.w.r.o.CachingOperationNameGenerator : Generating unique operation named: invokeUsingHEAD_2
2017-03-31 12:02:33.571  INFO 22486 --- [restartedMain] .d.s.w.r.o.CachingOperationNameGenerator : Generating unique operation named: invokeUsingGET_23
2017-03-31 12:02:33.575  INFO 22486 --- [restartedMain] .d.s.w.r.o.CachingOperationNameGenerator : Generating unique operation named: invokeUsingHEAD_3
2017-03-31 12:02:33.579  INFO 22486 --- [restartedMain] .d.s.w.r.o.CachingOperationNameGenerator : Generating unique operation named: invokeUsingGET_24
2017-03-31 12:02:33.580  INFO 22486 --- [restartedMain] .d.s.w.r.o.CachingOperationNameGenerator : Generating unique operation named: invokeUsingGET_25
2017-03-31 12:02:33.585  INFO 22486 --- [restartedMain] .d.s.w.r.o.CachingOperationNameGenerator : Generating unique operation named: valueUsingGET_1
2017-03-31 12:02:33.878  INFO 22486 --- [restartedMain] s.b.c.e.t.TomcatEmbeddedServletContainer : Tomcat started on port(s): 8080 (http)
2017-03-31 12:02:33.890  INFO 22486 --- [restartedMain] com.ss.schedulesys.ScheduleSysApp        : Started ScheduleSysApp in 11.09 seconds (JVM running for 11.671)
2017-03-31 12:03:14.689  INFO 22486 --- [RMI TCP Connection(8)-127.0.0.1] inMXBeanRegistrar$SpringApplicationAdmin : Application shutdown requested.
2017-03-31 12:03:14.689  INFO 22486 --- [RMI TCP Connection(8)-127.0.0.1] ationConfigEmbeddedWebApplicationContext : Closing org.springframework.boot.context.embedded.AnnotationConfigEmbeddedWebApplicationContext@950dcb3: startup date [Fri Mar 31 12:02:24 EDT 2017]; root of context hierarchy
2017-03-31 12:03:14.697  INFO 22486 --- [RMI TCP Connection(8)-127.0.0.1] o.s.c.support.DefaultLifecycleProcessor  : Stopping beans in phase 2147483647
2017-03-31 12:03:14.698  INFO 22486 --- [RMI TCP Connection(8)-127.0.0.1] o.s.c.support.DefaultLifecycleProcessor  : Stopping beans in phase 0
2017-03-31 12:03:14.702  INFO 22486 --- [RMI TCP Connection(8)-127.0.0.1] o.s.j.e.a.AnnotationMBeanExporter        : Unregistering JMX-exposed beans on shutdown
2017-03-31 12:03:14.708  INFO 22486 --- [RMI TCP Connection(8)-127.0.0.1] o.s.j.e.a.AnnotationMBeanExporter        : Unregistering JMX-exposed beans
2017-03-31 12:03:14.719  INFO 22486 --- [RMI TCP Connection(8)-127.0.0.1] j.LocalContainerEntityManagerFactoryBean : Closing JPA EntityManagerFactory for persistence unit 'default'
2017-03-31 12:03:14.720  INFO 22486 --- [RMI TCP Connection(8)-127.0.0.1] org.hibernate.tool.hbm2ddl.SchemaExport  : HHH000227: Running hbm2ddl schema export
2017-03-31 12:03:14.760  INFO 22486 --- [RMI TCP Connection(8)-127.0.0.1] org.hibernate.tool.hbm2ddl.SchemaExport  : HHH000230: Schema export complete
2017-03-31 12:03:14.767  INFO 22486 --- [RMI TCP Connection(8)-127.0.0.1] com.zaxxer.hikari.pool.HikariPool        : HikariPool-1 - Close initiated...
2017-03-31 12:03:14.771  INFO 22486 --- [RMI TCP Connection(8)-127.0.0.1] com.zaxxer.hikari.pool.HikariPool        : HikariPool-1 - Closed.
2017-03-31 12:03:18.682  INFO 22563 --- [restartedMain] com.ss.schedulesys.ScheduleSysApp        : Starting ScheduleSysApp on ed-notebook with PID 22563 (/home/ezerbo/Documents/workspace-sts-3.7.3.RELEASE/schedulesys/employee-service/target/classes started by ezerbo in /home/ezerbo/Documents/workspace-sts-3.7.3.RELEASE/schedulesys/employee-service)
2017-03-31 12:03:18.685  INFO 22563 --- [restartedMain] com.ss.schedulesys.ScheduleSysApp        : The following profiles are active: dev
2017-03-31 12:03:18.769  INFO 22563 --- [restartedMain] ationConfigEmbeddedWebApplicationContext : Refreshing org.springframework.boot.context.embedded.AnnotationConfigEmbeddedWebApplicationContext@368999ba: startup date [Fri Mar 31 12:03:18 EDT 2017]; root of context hierarchy
2017-03-31 12:03:20.629  INFO 22563 --- [restartedMain] o.s.b.f.s.DefaultListableBeanFactory     : Overriding bean definition for bean 'dataSource' with a different definition: replacing [Root bean: class [null]; scope=; abstract=false; lazyInit=false; autowireMode=3; dependencyCheck=0; autowireCandidate=true; primary=false; factoryBeanName=org.springframework.boot.autoconfigure.jdbc.DataSourceConfiguration$Generic; factoryMethodName=dataSource; initMethodName=null; destroyMethodName=(inferred); defined in class path resource [org/springframework/boot/autoconfigure/jdbc/DataSourceConfiguration$Generic.class]] with [Root bean: class [null]; scope=; abstract=false; lazyInit=false; autowireMode=3; dependencyCheck=0; autowireCandidate=true; primary=false; factoryBeanName=org.springframework.boot.autoconfigure.jdbc.DataSourceConfiguration$Hikari; factoryMethodName=dataSource; initMethodName=null; destroyMethodName=(inferred); defined in class path resource [org/springframework/boot/autoconfigure/jdbc/DataSourceConfiguration$Hikari.class]]
2017-03-31 12:03:21.238  INFO 22563 --- [restartedMain] trationDelegate$BeanPostProcessorChecker : Bean 'org.springframework.transaction.annotation.ProxyTransactionManagementConfiguration' of type [class org.springframework.transaction.annotation.ProxyTransactionManagementConfiguration$$EnhancerBySpringCGLIB$$c07e0bb8] is not eligible for getting processed by all BeanPostProcessors (for example: not eligible for auto-proxying)
2017-03-31 12:03:21.990  INFO 22563 --- [restartedMain] s.b.c.e.t.TomcatEmbeddedServletContainer : Tomcat initialized with port(s): 8080 (http)
2017-03-31 12:03:22.164  INFO 22563 --- [restartedMain] o.apache.catalina.core.StandardService   : Starting service Tomcat
2017-03-31 12:03:22.165  INFO 22563 --- [restartedMain] org.apache.catalina.core.StandardEngine  : Starting Servlet Engine: Apache Tomcat/8.5.6
2017-03-31 12:03:22.282  INFO 22563 --- [localhost-startStop-1] o.a.c.c.C.[Tomcat].[localhost].[/]       : Initializing Spring embedded WebApplicationContext
2017-03-31 12:03:22.282  INFO 22563 --- [localhost-startStop-1] o.s.web.context.ContextLoader            : Root WebApplicationContext: initialization completed in 3517 ms
2017-03-31 12:03:22.780  INFO 22563 --- [localhost-startStop-1] o.s.b.w.servlet.ServletRegistrationBean  : Mapping servlet: 'webServlet' to [/h2-console/*]
2017-03-31 12:03:22.781  INFO 22563 --- [localhost-startStop-1] o.s.b.w.servlet.ServletRegistrationBean  : Mapping servlet: 'dispatcherServlet' to [/]
2017-03-31 12:03:22.781  INFO 22563 --- [localhost-startStop-1] o.s.b.w.servlet.ServletRegistrationBean  : Mapping servlet: 'webServlet' to [/h2-console/*]
2017-03-31 12:03:22.781  INFO 22563 --- [localhost-startStop-1] o.s.b.w.servlet.ServletRegistrationBean  : Servlet webServlet was not registered (possibly already registered?)
2017-03-31 12:03:22.783  INFO 22563 --- [localhost-startStop-1] o.s.b.w.servlet.FilterRegistrationBean   : Mapping filter: 'metricsFilter' to: [/*]
2017-03-31 12:03:22.784  INFO 22563 --- [localhost-startStop-1] o.s.b.w.servlet.FilterRegistrationBean   : Mapping filter: 'characterEncodingFilter' to: [/*]
2017-03-31 12:03:22.784  INFO 22563 --- [localhost-startStop-1] o.s.b.w.servlet.FilterRegistrationBean   : Mapping filter: 'hiddenHttpMethodFilter' to: [/*]
2017-03-31 12:03:22.784  INFO 22563 --- [localhost-startStop-1] o.s.b.w.servlet.FilterRegistrationBean   : Mapping filter: 'httpPutFormContentFilter' to: [/*]
2017-03-31 12:03:22.784  INFO 22563 --- [localhost-startStop-1] o.s.b.w.servlet.FilterRegistrationBean   : Mapping filter: 'requestContextFilter' to: [/*]
2017-03-31 12:03:22.784  INFO 22563 --- [localhost-startStop-1] o.s.b.w.servlet.FilterRegistrationBean   : Mapping filter: 'webRequestLoggingFilter' to: [/*]
2017-03-31 12:03:22.784  INFO 22563 --- [localhost-startStop-1] o.s.b.w.servlet.FilterRegistrationBean   : Mapping filter: 'applicationContextIdFilter' to: [/*]
2017-03-31 12:03:23.044  INFO 22563 --- [restartedMain] liquibase                                : Liquibase did not run because 'shouldRun' property was set to false on liquibase Liquibase Spring bean.
2017-03-31 12:03:23.121  INFO 22563 --- [restartedMain] j.LocalContainerEntityManagerFactoryBean : Building JPA container EntityManagerFactory for persistence unit 'default'
2017-03-31 12:03:23.135  INFO 22563 --- [restartedMain] o.hibernate.jpa.internal.util.LogHelper  : HHH000204: Processing PersistenceUnitInfo [
	name: default
	...]
2017-03-31 12:03:23.226  INFO 22563 --- [restartedMain] org.hibernate.Version                    : HHH000412: Hibernate Core {5.0.11.Final}
2017-03-31 12:03:23.228  INFO 22563 --- [restartedMain] org.hibernate.cfg.Environment            : HHH000206: hibernate.properties not found
2017-03-31 12:03:23.229  INFO 22563 --- [restartedMain] org.hibernate.cfg.Environment            : HHH000021: Bytecode provider name : javassist
2017-03-31 12:03:23.272  INFO 22563 --- [restartedMain] o.hibernate.annotations.common.Version   : HCANN000001: Hibernate Commons Annotations {5.0.1.Final}
2017-03-31 12:03:23.368  INFO 22563 --- [restartedMain] com.zaxxer.hikari.HikariDataSource       : HikariPool-1 - Started.
2017-03-31 12:03:23.550  INFO 22563 --- [restartedMain] org.hibernate.dialect.Dialect            : HHH000400: Using dialect: org.hibernate.dialect.H2Dialect
2017-03-31 12:03:24.003  WARN 22563 --- [restartedMain] n.s.ehcache.config.ConfigurationFactory  : No configuration found. Configuring ehcache from ehcache-failsafe.xml  found in the classpath: jar:file:/home/ezerbo/.m2/repository/net/sf/ehcache/ehcache-core/2.4.3/ehcache-core-2.4.3.jar!/ehcache-failsafe.xml
2017-03-31 12:03:24.657  INFO 22563 --- [restartedMain] org.hibernate.tool.hbm2ddl.SchemaExport  : HHH000227: Running hbm2ddl schema export
2017-03-31 12:03:24.768  INFO 22563 --- [restartedMain] org.hibernate.tool.hbm2ddl.SchemaExport  : HHH000230: Schema export complete
2017-03-31 12:03:24.810  INFO 22563 --- [restartedMain] j.LocalContainerEntityManagerFactoryBean : Initialized JPA EntityManagerFactory for persistence unit 'default'
2017-03-31 12:03:24.868  INFO 22563 --- [restartedMain] o.s.jdbc.datasource.init.ScriptUtils     : Executing SQL script from class path resource [data/data.sql]
2017-03-31 12:03:25.056  INFO 22563 --- [restartedMain] o.s.jdbc.datasource.init.ScriptUtils     : Executed SQL script from class path resource [data/data.sql] in 188 ms.
2017-03-31 12:03:25.701  INFO 22563 --- [restartedMain] o.h.h.i.QueryTranslatorFactoryInitiator  : HHH000397: Using ASTQueryTranslatorFactory
2017-03-31 12:03:26.084  INFO 22563 --- [net.sf.ehcache.CacheManager@54c72b19] net.sf.ehcache.util.UpdateChecker        : New update(s) found: 2.4.7 [http://www.terracotta.org/confluence/display/release/Release+Notes+Ehcache+Core+2.4]. Please check http://ehcache.org for the latest version.
2017-03-31 12:03:27.568  INFO 22563 --- [restartedMain] s.w.s.m.m.a.RequestMappingHandlerMapping : Mapped "{[/api/care-companies],methods=[POST]}" onto public org.springframework.http.ResponseEntity<com.ss.schedulesys.domain.CareCompany> com.ss.schedulesys.web.rest.CareCompanyResource.createCareCompany(com.ss.schedulesys.domain.CareCompany) throws java.net.URISyntaxException
2017-03-31 12:03:27.569  INFO 22563 --- [restartedMain] s.w.s.m.m.a.RequestMappingHandlerMapping : Mapped "{[/api/care-companies],methods=[PUT]}" onto public org.springframework.http.ResponseEntity<com.ss.schedulesys.domain.CareCompany> com.ss.schedulesys.web.rest.CareCompanyResource.updateCareCompany(com.ss.schedulesys.domain.CareCompany) throws java.net.URISyntaxException
2017-03-31 12:03:27.570  INFO 22563 --- [restartedMain] s.w.s.m.m.a.RequestMappingHandlerMapping : Mapped "{[/api/care-companies],methods=[GET]}" onto public org.springframework.http.ResponseEntity<java.util.List<com.ss.schedulesys.domain.CareCompany>> com.ss.schedulesys.web.rest.CareCompanyResource.getAllCareCompanies(org.springframework.data.domain.Pageable) throws java.net.URISyntaxException
2017-03-31 12:03:27.571  INFO 22563 --- [restartedMain] s.w.s.m.m.a.RequestMappingHandlerMapping : Mapped "{[/api/care-companies/{id}],methods=[DELETE]}" onto public org.springframework.http.ResponseEntity<java.lang.Void> com.ss.schedulesys.web.rest.CareCompanyResource.deleteCareCompany(java.lang.Long)
2017-03-31 12:03:27.572  INFO 22563 --- [restartedMain] s.w.s.m.m.a.RequestMappingHandlerMapping : Mapped "{[/api/care-companies/{id}/schedules],methods=[GET]}" onto public org.springframework.http.ResponseEntity<java.util.List<com.ss.schedulesys.domain.Schedule>> com.ss.schedulesys.web.rest.CareCompanyResource.getSchedules(java.lang.Long)
2017-03-31 12:03:27.573  INFO 22563 --- [restartedMain] s.w.s.m.m.a.RequestMappingHandlerMapping : Mapped "{[/api/care-companies/{id}],methods=[GET]}" onto public org.springframework.http.ResponseEntity<com.ss.schedulesys.domain.CareCompany> com.ss.schedulesys.web.rest.CareCompanyResource.getCareCompany(java.lang.Long)
2017-03-31 12:03:27.583  INFO 22563 --- [restartedMain] s.w.s.m.m.a.RequestMappingHandlerMapping : Mapped "{[/api/care-company-types],methods=[GET]}" onto public org.springframework.http.ResponseEntity<java.util.List<com.ss.schedulesys.domain.CareCompanyType>> com.ss.schedulesys.web.rest.CareCompanyTypeResource.getAllCareCompanyTypes()
2017-03-31 12:03:27.583  INFO 22563 --- [restartedMain] s.w.s.m.m.a.RequestMappingHandlerMapping : Mapped "{[/api/care-company-types/{id}],methods=[GET]}" onto public org.springframework.http.ResponseEntity<com.ss.schedulesys.domain.CareCompanyType> com.ss.schedulesys.web.rest.CareCompanyTypeResource.getCareCompanyType(java.lang.Long)
2017-03-31 12:03:27.586  INFO 22563 --- [restartedMain] s.w.s.m.m.a.RequestMappingHandlerMapping : Mapped "{[/api/contacts],methods=[POST]}" onto public org.springframework.http.ResponseEntity<com.ss.schedulesys.domain.CompanyContact> com.ss.schedulesys.web.rest.CompanyContactResource.createContact(com.ss.schedulesys.domain.CompanyContact) throws java.net.URISyntaxException
2017-03-31 12:03:27.586  INFO 22563 --- [restartedMain] s.w.s.m.m.a.RequestMappingHandlerMapping : Mapped "{[/api/contacts],methods=[PUT]}" onto public org.springframework.http.ResponseEntity<com.ss.schedulesys.domain.CompanyContact> com.ss.schedulesys.web.rest.CompanyContactResource.updateContact(com.ss.schedulesys.domain.CompanyContact) throws java.net.URISyntaxException
2017-03-31 12:03:27.586  INFO 22563 --- [restartedMain] s.w.s.m.m.a.RequestMappingHandlerMapping : Mapped "{[/api/contacts],methods=[GET]}" onto public org.springframework.http.ResponseEntity<java.util.List<com.ss.schedulesys.domain.CompanyContact>> com.ss.schedulesys.web.rest.CompanyContactResource.getAllContacts(org.springframework.data.domain.Pageable) throws java.net.URISyntaxException
2017-03-31 12:03:27.587  INFO 22563 --- [restartedMain] s.w.s.m.m.a.RequestMappingHandlerMapping : Mapped "{[/api/contacts/{id}],methods=[GET]}" onto public org.springframework.http.ResponseEntity<com.ss.schedulesys.domain.CompanyContact> com.ss.schedulesys.web.rest.CompanyContactResource.getContact(java.lang.Long)
2017-03-31 12:03:27.588  INFO 22563 --- [restartedMain] s.w.s.m.m.a.RequestMappingHandlerMapping : Mapped "{[/api/contacts/{id}],methods=[DELETE]}" onto public org.springframework.http.ResponseEntity<java.lang.Void> com.ss.schedulesys.web.rest.CompanyContactResource.deleteContact(java.lang.Long)
2017-03-31 12:03:27.593  INFO 22563 --- [restartedMain] s.w.s.m.m.a.RequestMappingHandlerMapping : Mapped "{[/api/employees],methods=[GET]}" onto public org.springframework.http.ResponseEntity<java.util.List<com.ss.schedulesys.domain.Employee>> com.ss.schedulesys.web.rest.EmployeeResource.getAllEmployees(org.springframework.data.domain.Pageable) throws java.net.URISyntaxException
2017-03-31 12:03:27.593  INFO 22563 --- [restartedMain] s.w.s.m.m.a.RequestMappingHandlerMapping : Mapped "{[/api/employees/{id}/phone-numbers],methods=[GET]}" onto public org.springframework.http.ResponseEntity<java.util.List<com.ss.schedulesys.domain.PhoneNumber>> com.ss.schedulesys.web.rest.EmployeeResource.getPhoneNumbers(java.lang.Long)
2017-03-31 12:03:27.595  INFO 22563 --- [restartedMain] s.w.s.m.m.a.RequestMappingHandlerMapping : Mapped "{[/api/employees/{id}/licenses],methods=[GET]}" onto public org.springframework.http.ResponseEntity<java.util.List<com.ss.schedulesys.domain.License>> com.ss.schedulesys.web.rest.EmployeeResource.getLicenses(java.lang.Long)
2017-03-31 12:03:27.595  INFO 22563 --- [restartedMain] s.w.s.m.m.a.RequestMappingHandlerMapping : Mapped "{[/api/employees/{id}/tests],methods=[GET]}" onto public org.springframework.http.ResponseEntity<java.util.List<com.ss.schedulesys.domain.TestOccurrence>> com.ss.schedulesys.web.rest.EmployeeResource.getTests(java.lang.Long)
2017-03-31 12:03:27.595  INFO 22563 --- [restartedMain] s.w.s.m.m.a.RequestMappingHandlerMapping : Mapped "{[/api/employees],methods=[POST]}" onto public org.springframework.http.ResponseEntity<com.ss.schedulesys.domain.Employee> com.ss.schedulesys.web.rest.EmployeeResource.createEmployee(com.ss.schedulesys.domain.Employee) throws java.net.URISyntaxException
2017-03-31 12:03:27.596  INFO 22563 --- [restartedMain] s.w.s.m.m.a.RequestMappingHandlerMapping : Mapped "{[/api/employees],methods=[PUT]}" onto public org.springframework.http.ResponseEntity<com.ss.schedulesys.domain.Employee> com.ss.schedulesys.web.rest.EmployeeResource.updateEmployee(com.ss.schedulesys.domain.Employee) throws java.net.URISyntaxException
2017-03-31 12:03:27.597  INFO 22563 --- [restartedMain] s.w.s.m.m.a.RequestMappingHandlerMapping : Mapped "{[/api/employees/{id}],methods=[DELETE]}" onto public org.springframework.http.ResponseEntity<java.lang.Void> com.ss.schedulesys.web.rest.EmployeeResource.deleteEmployee(java.lang.Long)
2017-03-31 12:03:27.597  INFO 22563 --- [restartedMain] s.w.s.m.m.a.RequestMappingHandlerMapping : Mapped "{[/api/employees/{id}/schedules],methods=[GET]}" onto public org.springframework.http.ResponseEntity<java.util.List<com.ss.schedulesys.domain.Schedule>> com.ss.schedulesys.web.rest.EmployeeResource.getSchedules(java.lang.Long)
2017-03-31 12:03:27.598  INFO 22563 --- [restartedMain] s.w.s.m.m.a.RequestMappingHandlerMapping : Mapped "{[/api/employees/{id}],methods=[GET]}" onto public org.springframework.http.ResponseEntity<com.ss.schedulesys.domain.Employee> com.ss.schedulesys.web.rest.EmployeeResource.getEmployee(java.lang.Long)
2017-03-31 12:03:27.599  INFO 22563 --- [restartedMain] s.w.s.m.m.a.RequestMappingHandlerMapping : Mapped "{[/api/employee-types],methods=[GET]}" onto public org.springframework.http.ResponseEntity<java.util.List<com.ss.schedulesys.domain.EmployeeType>> com.ss.schedulesys.web.rest.EmployeeTypeResource.getAllEmployeeTypes() throws java.net.URISyntaxException
2017-03-31 12:03:27.599  INFO 22563 --- [restartedMain] s.w.s.m.m.a.RequestMappingHandlerMapping : Mapped "{[/api/employee-types/{id}],methods=[GET]}" onto public org.springframework.http.ResponseEntity<com.ss.schedulesys.domain.EmployeeType> com.ss.schedulesys.web.rest.EmployeeTypeResource.getEmployeeType(java.lang.Long)
2017-03-31 12:03:27.606  INFO 22563 --- [restartedMain] s.w.s.m.m.a.RequestMappingHandlerMapping : Mapped "{[/api/licenses],methods=[POST]}" onto public org.springframework.http.ResponseEntity<com.ss.schedulesys.domain.License> com.ss.schedulesys.web.rest.LicenseResource.createLicense(com.ss.schedulesys.domain.License) throws java.net.URISyntaxException
2017-03-31 12:03:27.607  INFO 22563 --- [restartedMain] s.w.s.m.m.a.RequestMappingHandlerMapping : Mapped "{[/api/licenses],methods=[PUT]}" onto public org.springframework.http.ResponseEntity<com.ss.schedulesys.domain.License> com.ss.schedulesys.web.rest.LicenseResource.updateLicense(com.ss.schedulesys.domain.License) throws java.net.URISyntaxException
2017-03-31 12:03:27.609  INFO 22563 --- [restartedMain] s.w.s.m.m.a.RequestMappingHandlerMapping : Mapped "{[/api/licenses],methods=[GET]}" onto public org.springframework.http.ResponseEntity<java.util.List<com.ss.schedulesys.domain.License>> com.ss.schedulesys.web.rest.LicenseResource.getAllLicenses(org.springframework.data.domain.Pageable) throws java.net.URISyntaxException
2017-03-31 12:03:27.610  INFO 22563 --- [restartedMain] s.w.s.m.m.a.RequestMappingHandlerMapping : Mapped "{[/api/licenses/{id}],methods=[GET]}" onto public org.springframework.http.ResponseEntity<com.ss.schedulesys.domain.License> com.ss.schedulesys.web.rest.LicenseResource.getLicense(java.lang.Long)
2017-03-31 12:03:27.610  INFO 22563 --- [restartedMain] s.w.s.m.m.a.RequestMappingHandlerMapping : Mapped "{[/api/licenses/{id}],methods=[DELETE]}" onto public org.springframework.http.ResponseEntity<java.lang.Void> com.ss.schedulesys.web.rest.LicenseResource.deleteLicense(java.lang.Long)
2017-03-31 12:03:27.612  INFO 22563 --- [restartedMain] s.w.s.m.m.a.RequestMappingHandlerMapping : Mapped "{[/api/license-types/{id}],methods=[GET]}" onto public org.springframework.http.ResponseEntity<com.ss.schedulesys.domain.LicenseType> com.ss.schedulesys.web.rest.LicenseTypeResource.getLicenseType(java.lang.Long)
2017-03-31 12:03:27.612  INFO 22563 --- [restartedMain] s.w.s.m.m.a.RequestMappingHandlerMapping : Mapped "{[/api/license-types],methods=[GET]}" onto public org.springframework.http.ResponseEntity<java.util.List<com.ss.schedulesys.domain.LicenseType>> com.ss.schedulesys.web.rest.LicenseTypeResource.getAllLicenseTypes() throws java.net.URISyntaxException
2017-03-31 12:03:27.612  INFO 22563 --- [restartedMain] s.w.s.m.m.a.RequestMappingHandlerMapping : Mapped "{[/api/license-types/{id}],methods=[DELETE]}" onto public org.springframework.http.ResponseEntity<java.lang.Void> com.ss.schedulesys.web.rest.LicenseTypeResource.deleteLicenseType(java.lang.Long)
2017-03-31 12:03:27.616  INFO 22563 --- [restartedMain] s.w.s.m.m.a.RequestMappingHandlerMapping : Mapped "{[/api/phone-numbers/{id}],methods=[GET]}" onto public org.springframework.http.ResponseEntity<com.ss.schedulesys.domain.PhoneNumber> com.ss.schedulesys.web.rest.PhoneNumberResource.getPhoneNumber(java.lang.Long)
2017-03-31 12:03:27.616  INFO 22563 --- [restartedMain] s.w.s.m.m.a.RequestMappingHandlerMapping : Mapped "{[/api/phone-numbers/{id}],methods=[DELETE]}" onto public org.springframework.http.ResponseEntity<java.lang.Void> com.ss.schedulesys.web.rest.PhoneNumberResource.deletePhoneNumber(java.lang.Long)
2017-03-31 12:03:27.617  INFO 22563 --- [restartedMain] s.w.s.m.m.a.RequestMappingHandlerMapping : Mapped "{[/api/phone-numbers],methods=[POST]}" onto public org.springframework.http.ResponseEntity<com.ss.schedulesys.domain.PhoneNumber> com.ss.schedulesys.web.rest.PhoneNumberResource.createPhoneNumber(com.ss.schedulesys.domain.PhoneNumber) throws java.net.URISyntaxException
2017-03-31 12:03:27.617  INFO 22563 --- [restartedMain] s.w.s.m.m.a.RequestMappingHandlerMapping : Mapped "{[/api/phone-numbers],methods=[PUT]}" onto public org.springframework.http.ResponseEntity<com.ss.schedulesys.domain.PhoneNumber> com.ss.schedulesys.web.rest.PhoneNumberResource.updatePhoneNumber(com.ss.schedulesys.domain.PhoneNumber) throws java.net.URISyntaxException
2017-03-31 12:03:27.617  INFO 22563 --- [restartedMain] s.w.s.m.m.a.RequestMappingHandlerMapping : Mapped "{[/api/phone-numbers],methods=[GET]}" onto public org.springframework.http.ResponseEntity<java.util.List<com.ss.schedulesys.domain.PhoneNumber>> com.ss.schedulesys.web.rest.PhoneNumberResource.getAllPhoneNumbers(org.springframework.data.domain.Pageable) throws java.net.URISyntaxException
2017-03-31 12:03:27.620  INFO 22563 --- [restartedMain] s.w.s.m.m.a.RequestMappingHandlerMapping : Mapped "{[/api/schedule-post-statuses/{id}],methods=[GET]}" onto public org.springframework.http.ResponseEntity<com.ss.schedulesys.domain.SchedulePostStatus> com.ss.schedulesys.web.rest.SchedulePostStatusResource.getSchedulePostStatus(java.lang.Long)
2017-03-31 12:03:27.625  INFO 22563 --- [restartedMain] s.w.s.m.m.a.RequestMappingHandlerMapping : Mapped "{[/api/schedule-post-statuses],methods=[PUT]}" onto public org.springframework.http.ResponseEntity<com.ss.schedulesys.domain.SchedulePostStatus> com.ss.schedulesys.web.rest.SchedulePostStatusResource.updateSchedulePostStatus(com.ss.schedulesys.domain.SchedulePostStatus) throws java.net.URISyntaxException
2017-03-31 12:03:27.625  INFO 22563 --- [restartedMain] s.w.s.m.m.a.RequestMappingHandlerMapping : Mapped "{[/api/schedule-post-statuses],methods=[GET]}" onto public org.springframework.http.ResponseEntity<java.util.List<com.ss.schedulesys.domain.SchedulePostStatus>> com.ss.schedulesys.web.rest.SchedulePostStatusResource.getAllSchedulePostStatuses() throws java.net.URISyntaxException
2017-03-31 12:03:27.625  INFO 22563 --- [restartedMain] s.w.s.m.m.a.RequestMappingHandlerMapping : Mapped "{[/api/schedule-post-statuses/{id}],methods=[DELETE]}" onto public org.springframework.http.ResponseEntity<java.lang.Void> com.ss.schedulesys.web.rest.SchedulePostStatusResource.deleteSchedulePostStatus(java.lang.Long)
2017-03-31 12:03:27.625  INFO 22563 --- [restartedMain] s.w.s.m.m.a.RequestMappingHandlerMapping : Mapped "{[/api/schedule-post-statuses],methods=[POST]}" onto public org.springframework.http.ResponseEntity<com.ss.schedulesys.domain.SchedulePostStatus> com.ss.schedulesys.web.rest.SchedulePostStatusResource.createSchedulePostStatus(com.ss.schedulesys.domain.SchedulePostStatus) throws java.net.URISyntaxException
2017-03-31 12:03:27.630  INFO 22563 --- [restartedMain] s.w.s.m.m.a.RequestMappingHandlerMapping : Mapped "{[/api/schedules],methods=[POST]}" onto public org.springframework.http.ResponseEntity<com.ss.schedulesys.domain.Schedule> com.ss.schedulesys.web.rest.ScheduleResource.createSchedule(com.ss.schedulesys.domain.Schedule) throws java.net.URISyntaxException
2017-03-31 12:03:27.630  INFO 22563 --- [restartedMain] s.w.s.m.m.a.RequestMappingHandlerMapping : Mapped "{[/api/schedules],methods=[PUT]}" onto public org.springframework.http.ResponseEntity<com.ss.schedulesys.domain.Schedule> com.ss.schedulesys.web.rest.ScheduleResource.updateSchedule(com.ss.schedulesys.domain.Schedule) throws java.net.URISyntaxException
2017-03-31 12:03:27.630  INFO 22563 --- [restartedMain] s.w.s.m.m.a.RequestMappingHandlerMapping : Mapped "{[/api/schedules],methods=[GET]}" onto public org.springframework.http.ResponseEntity<java.util.List<com.ss.schedulesys.domain.Schedule>> com.ss.schedulesys.web.rest.ScheduleResource.getAllSchedules(org.springframework.data.domain.Pageable) throws java.net.URISyntaxException
2017-03-31 12:03:27.631  INFO 22563 --- [restartedMain] s.w.s.m.m.a.RequestMappingHandlerMapping : Mapped "{[/api/schedules/{id}],methods=[GET]}" onto public org.springframework.http.ResponseEntity<com.ss.schedulesys.domain.Schedule> com.ss.schedulesys.web.rest.ScheduleResource.getSchedule(java.lang.Long)
2017-03-31 12:03:27.631  INFO 22563 --- [restartedMain] s.w.s.m.m.a.RequestMappingHandlerMapping : Mapped "{[/api/schedules/{id}],methods=[DELETE]}" onto public org.springframework.http.ResponseEntity<java.lang.Void> com.ss.schedulesys.web.rest.ScheduleResource.deleteSchedule(java.lang.Long)
2017-03-31 12:03:27.636  INFO 22563 --- [restartedMain] s.w.s.m.m.a.RequestMappingHandlerMapping : Mapped "{[/api/schedule-statuses/{id}],methods=[GET]}" onto public org.springframework.http.ResponseEntity<com.ss.schedulesys.domain.ScheduleStatus> com.ss.schedulesys.web.rest.ScheduleStatusResource.getScheduleStatus(java.lang.Long)
2017-03-31 12:03:27.637  INFO 22563 --- [restartedMain] s.w.s.m.m.a.RequestMappingHandlerMapping : Mapped "{[/api/schedule-statuses],methods=[POST]}" onto public org.springframework.http.ResponseEntity<com.ss.schedulesys.domain.ScheduleStatus> com.ss.schedulesys.web.rest.ScheduleStatusResource.createScheduleStatus(com.ss.schedulesys.domain.ScheduleStatus) throws java.net.URISyntaxException
2017-03-31 12:03:27.637  INFO 22563 --- [restartedMain] s.w.s.m.m.a.RequestMappingHandlerMapping : Mapped "{[/api/schedule-statuses],methods=[PUT]}" onto public org.springframework.http.ResponseEntity<com.ss.schedulesys.domain.ScheduleStatus> com.ss.schedulesys.web.rest.ScheduleStatusResource.updateScheduleStatus(com.ss.schedulesys.domain.ScheduleStatus) throws java.net.URISyntaxException
2017-03-31 12:03:27.637  INFO 22563 --- [restartedMain] s.w.s.m.m.a.RequestMappingHandlerMapping : Mapped "{[/api/schedule-statuses],methods=[GET]}" onto public org.springframework.http.ResponseEntity<java.util.List<com.ss.schedulesys.domain.ScheduleStatus>> com.ss.schedulesys.web.rest.ScheduleStatusResource.getAllScheduleStatuses() throws java.net.URISyntaxException
2017-03-31 12:03:27.637  INFO 22563 --- [restartedMain] s.w.s.m.m.a.RequestMappingHandlerMapping : Mapped "{[/api/schedule-statuses/{id}],methods=[DELETE]}" onto public org.springframework.http.ResponseEntity<java.lang.Void> com.ss.schedulesys.web.rest.ScheduleStatusResource.deleteScheduleStatus(java.lang.Long)
2017-03-31 12:03:27.640  INFO 22563 --- [restartedMain] s.w.s.m.m.a.RequestMappingHandlerMapping : Mapped "{[/api/test-occurrences],methods=[PUT]}" onto public org.springframework.http.ResponseEntity<com.ss.schedulesys.domain.TestOccurrence> com.ss.schedulesys.web.rest.TestOccurrenceResource.updateTestOccurrence(com.ss.schedulesys.domain.TestOccurrence) throws java.net.URISyntaxException
2017-03-31 12:03:27.640  INFO 22563 --- [restartedMain] s.w.s.m.m.a.RequestMappingHandlerMapping : Mapped "{[/api/test-occurrences],methods=[GET]}" onto public org.springframework.http.ResponseEntity<java.util.List<com.ss.schedulesys.domain.TestOccurrence>> com.ss.schedulesys.web.rest.TestOccurrenceResource.getAllTestOcurrences(org.springframework.data.domain.Pageable) throws java.net.URISyntaxException
2017-03-31 12:03:27.640  INFO 22563 --- [restartedMain] s.w.s.m.m.a.RequestMappingHandlerMapping : Mapped "{[/api/test-occurrences/{id}],methods=[DELETE]}" onto public org.springframework.http.ResponseEntity<java.lang.Void> com.ss.schedulesys.web.rest.TestOccurrenceResource.deleteTestOccurrence(java.lang.Long)
2017-03-31 12:03:27.640  INFO 22563 --- [restartedMain] s.w.s.m.m.a.RequestMappingHandlerMapping : Mapped "{[/api/test-occurrences],methods=[POST]}" onto public org.springframework.http.ResponseEntity<com.ss.schedulesys.domain.TestOccurrence> com.ss.schedulesys.web.rest.TestOccurrenceResource.createTestOccurrence(com.ss.schedulesys.domain.TestOccurrence) throws java.net.URISyntaxException
2017-03-31 12:03:27.646  INFO 22563 --- [restartedMain] s.w.s.m.m.a.RequestMappingHandlerMapping : Mapped "{[/api/tests/{id}],methods=[GET]}" onto public org.springframework.http.ResponseEntity<com.ss.schedulesys.domain.Test> com.ss.schedulesys.web.rest.TestResource.getTest(java.lang.Long)
2017-03-31 12:03:27.646  INFO 22563 --- [restartedMain] s.w.s.m.m.a.RequestMappingHandlerMapping : Mapped "{[/api/tests],methods=[POST]}" onto public org.springframework.http.ResponseEntity<com.ss.schedulesys.domain.Test> com.ss.schedulesys.web.rest.TestResource.createTest(com.ss.schedulesys.domain.Test) throws java.net.URISyntaxException
2017-03-31 12:03:27.646  INFO 22563 --- [restartedMain] s.w.s.m.m.a.RequestMappingHandlerMapping : Mapped "{[/api/tests],methods=[PUT]}" onto public org.springframework.http.ResponseEntity<com.ss.schedulesys.domain.Test> com.ss.schedulesys.web.rest.TestResource.updateTest(com.ss.schedulesys.domain.Test) throws java.net.URISyntaxException
2017-03-31 12:03:27.646  INFO 22563 --- [restartedMain] s.w.s.m.m.a.RequestMappingHandlerMapping : Mapped "{[/api/tests],methods=[GET]}" onto public org.springframework.http.ResponseEntity<java.util.List<com.ss.schedulesys.domain.Test>> com.ss.schedulesys.web.rest.TestResource.getAllTests(org.springframework.data.domain.Pageable) throws java.net.URISyntaxException
2017-03-31 12:03:27.647  INFO 22563 --- [restartedMain] s.w.s.m.m.a.RequestMappingHandlerMapping : Mapped "{[/api/tests/{id}/subcategories],methods=[GET]}" onto public org.springframework.http.ResponseEntity<java.util.List<com.ss.schedulesys.domain.TestSubcategory>> com.ss.schedulesys.web.rest.TestResource.getAllSubcategories(java.lang.Long)
2017-03-31 12:03:27.647  INFO 22563 --- [restartedMain] s.w.s.m.m.a.RequestMappingHandlerMapping : Mapped "{[/api/tests/{id}],methods=[DELETE]}" onto public org.springframework.http.ResponseEntity<java.lang.Void> com.ss.schedulesys.web.rest.TestResource.deleteTest(java.lang.Long)
2017-03-31 12:03:27.649  INFO 22563 --- [restartedMain] s.w.s.m.m.a.RequestMappingHandlerMapping : Mapped "{[/api/test-sub-categories/{id}],methods=[GET]}" onto public org.springframework.http.ResponseEntity<com.ss.schedulesys.domain.TestSubcategory> com.ss.schedulesys.web.rest.TestSubCategoryResource.getTestSubcategory(java.lang.Long)
2017-03-31 12:03:27.650  INFO 22563 --- [restartedMain] s.w.s.m.m.a.RequestMappingHandlerMapping : Mapped "{[/api/test-sub-categories],methods=[POST]}" onto public org.springframework.http.ResponseEntity<com.ss.schedulesys.domain.TestSubcategory> com.ss.schedulesys.web.rest.TestSubCategoryResource.createTestSubcategory(com.ss.schedulesys.domain.TestSubcategory) throws java.net.URISyntaxException
2017-03-31 12:03:27.651  INFO 22563 --- [restartedMain] s.w.s.m.m.a.RequestMappingHandlerMapping : Mapped "{[/api/test-sub-categories],methods=[PUT]}" onto public org.springframework.http.ResponseEntity<com.ss.schedulesys.domain.TestSubcategory> com.ss.schedulesys.web.rest.TestSubCategoryResource.updateTestSubcategory(com.ss.schedulesys.domain.TestSubcategory) throws java.net.URISyntaxException
2017-03-31 12:03:27.651  INFO 22563 --- [restartedMain] s.w.s.m.m.a.RequestMappingHandlerMapping : Mapped "{[/api/test-sub-categories],methods=[GET]}" onto public org.springframework.http.ResponseEntity<java.util.List<com.ss.schedulesys.domain.TestSubcategory>> com.ss.schedulesys.web.rest.TestSubCategoryResource.getAllTestSubCategories(org.springframework.data.domain.Pageable) throws java.net.URISyntaxException
2017-03-31 12:03:27.651  INFO 22563 --- [restartedMain] s.w.s.m.m.a.RequestMappingHandlerMapping : Mapped "{[/api/test-sub-categories/{id}],methods=[DELETE]}" onto public org.springframework.http.ResponseEntity<java.lang.Void> com.ss.schedulesys.web.rest.TestSubCategoryResource.deleteTestSubcategory(java.lang.Long)
2017-03-31 12:03:27.652  INFO 22563 --- [restartedMain] s.w.s.m.m.a.RequestMappingHandlerMapping : Mapped "{[/api/user-roles],methods=[GET]}" onto public org.springframework.http.ResponseEntity<java.util.List<com.ss.schedulesys.domain.UserRole>> com.ss.schedulesys.web.rest.UserRoleResource.getAllUserRoles()
2017-03-31 12:03:27.653  INFO 22563 --- [restartedMain] s.w.s.m.m.a.RequestMappingHandlerMapping : Mapped "{[/v2/api-docs],methods=[GET],produces=[application/json || application/hal+json]}" onto public org.springframework.http.ResponseEntity<springfox.documentation.spring.web.json.Json> springfox.documentation.swagger2.web.Swagger2Controller.getDocumentation(java.lang.String,javax.servlet.http.HttpServletRequest)
2017-03-31 12:03:27.657  INFO 22563 --- [restartedMain] s.w.s.m.m.a.RequestMappingHandlerMapping : Mapped "{[/swagger-resources/configuration/ui]}" onto org.springframework.http.ResponseEntity<springfox.documentation.swagger.web.UiConfiguration> springfox.documentation.swagger.web.ApiResourceController.uiConfiguration()
2017-03-31 12:03:27.658  INFO 22563 --- [restartedMain] s.w.s.m.m.a.RequestMappingHandlerMapping : Mapped "{[/swagger-resources]}" onto org.springframework.http.ResponseEntity<java.util.List<springfox.documentation.swagger.web.SwaggerResource>> springfox.documentation.swagger.web.ApiResourceController.swaggerResources()
2017-03-31 12:03:27.659  INFO 22563 --- [restartedMain] s.w.s.m.m.a.RequestMappingHandlerMapping : Mapped "{[/swagger-resources/configuration/security]}" onto org.springframework.http.ResponseEntity<springfox.documentation.swagger.web.SecurityConfiguration> springfox.documentation.swagger.web.ApiResourceController.securityConfiguration()
2017-03-31 12:03:27.663  INFO 22563 --- [restartedMain] s.w.s.m.m.a.RequestMappingHandlerMapping : Mapped "{[/error],produces=[text/html]}" onto public org.springframework.web.servlet.ModelAndView org.springframework.boot.autoconfigure.web.BasicErrorController.errorHtml(javax.servlet.http.HttpServletRequest,javax.servlet.http.HttpServletResponse)
2017-03-31 12:03:27.663  INFO 22563 --- [restartedMain] s.w.s.m.m.a.RequestMappingHandlerMapping : Mapped "{[/error]}" onto public org.springframework.http.ResponseEntity<java.util.Map<java.lang.String, java.lang.Object>> org.springframework.boot.autoconfigure.web.BasicErrorController.error(javax.servlet.http.HttpServletRequest)
2017-03-31 12:03:28.093  INFO 22563 --- [restartedMain] o.s.b.a.e.mvc.EndpointHandlerMapping     : Mapped "{[/management/trace || /management/trace.json],methods=[GET],produces=[application/json]}" onto public java.lang.Object org.springframework.boot.actuate.endpoint.mvc.EndpointMvcAdapter.invoke()
2017-03-31 12:03:28.094  INFO 22563 --- [restartedMain] o.s.b.a.e.mvc.EndpointHandlerMapping     : Mapped "{[/management/heapdump || /management/heapdump.json],methods=[GET],produces=[application/octet-stream]}" onto public void org.springframework.boot.actuate.endpoint.mvc.HeapdumpMvcEndpoint.invoke(boolean,javax.servlet.http.HttpServletRequest,javax.servlet.http.HttpServletResponse) throws java.io.IOException,javax.servlet.ServletException
2017-03-31 12:03:28.095  INFO 22563 --- [restartedMain] o.s.b.a.e.mvc.EndpointHandlerMapping     : Mapped "{[/management/dump || /management/dump.json],methods=[GET],produces=[application/json]}" onto public java.lang.Object org.springframework.boot.actuate.endpoint.mvc.EndpointMvcAdapter.invoke()
2017-03-31 12:03:28.095  INFO 22563 --- [restartedMain] o.s.b.a.e.mvc.EndpointHandlerMapping     : Mapped "{[/management/liquibase || /management/liquibase.json],methods=[GET],produces=[application/json]}" onto public java.lang.Object org.springframework.boot.actuate.endpoint.mvc.EndpointMvcAdapter.invoke()
2017-03-31 12:03:28.096  INFO 22563 --- [restartedMain] o.s.b.a.e.mvc.EndpointHandlerMapping     : Mapped "{[/management/info || /management/info.json],methods=[GET],produces=[application/json]}" onto public java.lang.Object org.springframework.boot.actuate.endpoint.mvc.EndpointMvcAdapter.invoke()
2017-03-31 12:03:28.096  INFO 22563 --- [restartedMain] o.s.b.a.e.mvc.EndpointHandlerMapping     : Mapped "{[/management/autoconfig || /management/autoconfig.json],methods=[GET],produces=[application/json]}" onto public java.lang.Object org.springframework.boot.actuate.endpoint.mvc.EndpointMvcAdapter.invoke()
2017-03-31 12:03:28.097  INFO 22563 --- [restartedMain] o.s.b.a.e.mvc.EndpointHandlerMapping     : Mapped "{[/management/mappings || /management/mappings.json],methods=[GET],produces=[application/json]}" onto public java.lang.Object org.springframework.boot.actuate.endpoint.mvc.EndpointMvcAdapter.invoke()
2017-03-31 12:03:28.097  INFO 22563 --- [restartedMain] o.s.b.a.e.mvc.EndpointHandlerMapping     : Mapped "{[/management/beans || /management/beans.json],methods=[GET],produces=[application/json]}" onto public java.lang.Object org.springframework.boot.actuate.endpoint.mvc.EndpointMvcAdapter.invoke()
2017-03-31 12:03:28.098  INFO 22563 --- [restartedMain] o.s.b.a.e.mvc.EndpointHandlerMapping     : Mapped "{[/management/health || /management/health.json],produces=[application/json]}" onto public java.lang.Object org.springframework.boot.actuate.endpoint.mvc.HealthMvcEndpoint.invoke(java.security.Principal)
2017-03-31 12:03:28.098  INFO 22563 --- [restartedMain] o.s.b.a.e.mvc.EndpointHandlerMapping     : Mapped "{[/management/logfile || /management/logfile.json],methods=[GET || HEAD]}" onto public void org.springframework.boot.actuate.endpoint.mvc.LogFileMvcEndpoint.invoke(javax.servlet.http.HttpServletRequest,javax.servlet.http.HttpServletResponse) throws javax.servlet.ServletException,java.io.IOException
2017-03-31 12:03:28.099  INFO 22563 --- [restartedMain] o.s.b.a.e.mvc.EndpointHandlerMapping     : Mapped "{[/management/configprops || /management/configprops.json],methods=[GET],produces=[application/json]}" onto public java.lang.Object org.springframework.boot.actuate.endpoint.mvc.EndpointMvcAdapter.invoke()
2017-03-31 12:03:28.099  INFO 22563 --- [restartedMain] o.s.b.a.e.mvc.EndpointHandlerMapping     : Mapped "{[/management/metrics/{name:.*}],methods=[GET],produces=[application/json]}" onto public java.lang.Object org.springframework.boot.actuate.endpoint.mvc.MetricsMvcEndpoint.value(java.lang.String)
2017-03-31 12:03:28.099  INFO 22563 --- [restartedMain] o.s.b.a.e.mvc.EndpointHandlerMapping     : Mapped "{[/management/metrics || /management/metrics.json],methods=[GET],produces=[application/json]}" onto public java.lang.Object org.springframework.boot.actuate.endpoint.mvc.EndpointMvcAdapter.invoke()
2017-03-31 12:03:28.100  INFO 22563 --- [restartedMain] o.s.b.a.e.mvc.EndpointHandlerMapping     : Mapped "{[/management/env/{name:.*}],methods=[GET],produces=[application/json]}" onto public java.lang.Object org.springframework.boot.actuate.endpoint.mvc.EnvironmentMvcEndpoint.value(java.lang.String)
2017-03-31 12:03:28.100  INFO 22563 --- [restartedMain] o.s.b.a.e.mvc.EndpointHandlerMapping     : Mapped "{[/management/env || /management/env.json],methods=[GET],produces=[application/json]}" onto public java.lang.Object org.springframework.boot.actuate.endpoint.mvc.EndpointMvcAdapter.invoke()
2017-03-31 12:03:28.218  INFO 22563 --- [restartedMain] org.dozer.config.GlobalSettings          : Trying to find Dozer configuration file: dozer.properties
2017-03-31 12:03:28.225  WARN 22563 --- [restartedMain] org.dozer.config.GlobalSettings          : Dozer configuration file not found: dozer.properties.  Using defaults for all Dozer global properties.
2017-03-31 12:03:28.227  INFO 22563 --- [restartedMain] org.dozer.DozerInitializer               : Initializing Dozer. Version: 5.5.0, Thread Name: restartedMain
2017-03-31 12:03:28.230  INFO 22563 --- [restartedMain] org.dozer.jmx.JMXPlatformImpl            : Dozer JMX MBean [org.dozer.jmx:type=DozerStatisticsController] auto registered with the Platform MBean Server
2017-03-31 12:03:28.231  INFO 22563 --- [restartedMain] org.dozer.jmx.JMXPlatformImpl            : Dozer JMX MBean [org.dozer.jmx:type=DozerAdminController] auto registered with the Platform MBean Server
2017-03-31 12:03:28.232  INFO 22563 --- [restartedMain] org.dozer.DozerBeanMapper                : Initializing a new instance of dozer bean mapper.
2017-03-31 12:03:28.340  INFO 22563 --- [restartedMain] s.w.s.m.m.a.RequestMappingHandlerAdapter : Looking for @ControllerAdvice: org.springframework.boot.context.embedded.AnnotationConfigEmbeddedWebApplicationContext@368999ba: startup date [Fri Mar 31 12:03:18 EDT 2017]; root of context hierarchy
2017-03-31 12:03:28.403  INFO 22563 --- [restartedMain] o.s.w.s.handler.SimpleUrlHandlerMapping  : Mapped URL path [/webjars/**] onto handler of type [class org.springframework.web.servlet.resource.ResourceHttpRequestHandler]
2017-03-31 12:03:28.403  INFO 22563 --- [restartedMain] o.s.w.s.handler.SimpleUrlHandlerMapping  : Mapped URL path [/**] onto handler of type [class org.springframework.web.servlet.resource.ResourceHttpRequestHandler]
2017-03-31 12:03:28.428  INFO 22563 --- [restartedMain] .m.m.a.ExceptionHandlerExceptionResolver : Detected @ExceptionHandler methods in exceptionTranslator
2017-03-31 12:03:28.773  INFO 22563 --- [restartedMain] o.s.b.d.a.OptionalLiveReloadServer       : LiveReload server is running on port 35729
2017-03-31 12:03:28.851  INFO 22563 --- [restartedMain] o.s.j.e.a.AnnotationMBeanExporter        : Registering beans for JMX exposure on startup
2017-03-31 12:03:28.854  INFO 22563 --- [restartedMain] o.s.j.e.a.AnnotationMBeanExporter        : Bean with name 'dataSource' has been autodetected for JMX exposure
2017-03-31 12:03:28.861  INFO 22563 --- [restartedMain] o.s.j.e.a.AnnotationMBeanExporter        : Located MBean 'dataSource': registering with JMX server as MBean [com.zaxxer.hikari:name=dataSource,type=HikariDataSource]
2017-03-31 12:03:28.868  INFO 22563 --- [restartedMain] o.s.c.support.DefaultLifecycleProcessor  : Starting beans in phase 0
2017-03-31 12:03:28.932  INFO 22563 --- [restartedMain] o.s.c.support.DefaultLifecycleProcessor  : Starting beans in phase 2147483647
2017-03-31 12:03:28.932  INFO 22563 --- [restartedMain] d.s.w.p.DocumentationPluginsBootstrapper : Context refreshed
2017-03-31 12:03:28.954  INFO 22563 --- [restartedMain] d.s.w.p.DocumentationPluginsBootstrapper : Found 1 custom documentation plugin(s)
2017-03-31 12:03:28.973  INFO 22563 --- [restartedMain] s.d.s.w.s.ApiListingReferenceScanner     : Scanning for api listing references
2017-03-31 12:03:29.336  INFO 22563 --- [restartedMain] .d.s.w.r.o.CachingOperationNameGenerator : Generating unique operation named: getSchedulesUsingGET_1
2017-03-31 12:03:29.362  INFO 22563 --- [restartedMain] .d.s.w.r.o.CachingOperationNameGenerator : Generating unique operation named: invokeUsingGET_1
2017-03-31 12:03:29.364  INFO 22563 --- [restartedMain] .d.s.w.r.o.CachingOperationNameGenerator : Generating unique operation named: invokeUsingGET_2
2017-03-31 12:03:29.365  INFO 22563 --- [restartedMain] .d.s.w.r.o.CachingOperationNameGenerator : Generating unique operation named: invokeUsingGET_3
2017-03-31 12:03:29.366  INFO 22563 --- [restartedMain] .d.s.w.r.o.CachingOperationNameGenerator : Generating unique operation named: invokeUsingGET_4
2017-03-31 12:03:29.368  INFO 22563 --- [restartedMain] .d.s.w.r.o.CachingOperationNameGenerator : Generating unique operation named: invokeUsingGET_5
2017-03-31 12:03:29.369  INFO 22563 --- [restartedMain] .d.s.w.r.o.CachingOperationNameGenerator : Generating unique operation named: invokeUsingGET_6
2017-03-31 12:03:29.371  INFO 22563 --- [restartedMain] .d.s.w.r.o.CachingOperationNameGenerator : Generating unique operation named: invokeUsingGET_7
2017-03-31 12:03:29.372  INFO 22563 --- [restartedMain] .d.s.w.r.o.CachingOperationNameGenerator : Generating unique operation named: invokeUsingGET_8
2017-03-31 12:03:29.374  INFO 22563 --- [restartedMain] .d.s.w.r.o.CachingOperationNameGenerator : Generating unique operation named: invokeUsingGET_9
2017-03-31 12:03:29.375  INFO 22563 --- [restartedMain] .d.s.w.r.o.CachingOperationNameGenerator : Generating unique operation named: invokeUsingGET_10
2017-03-31 12:03:29.376  INFO 22563 --- [restartedMain] .d.s.w.r.o.CachingOperationNameGenerator : Generating unique operation named: invokeUsingGET_11
2017-03-31 12:03:29.378  INFO 22563 --- [restartedMain] .d.s.w.r.o.CachingOperationNameGenerator : Generating unique operation named: invokeUsingGET_12
2017-03-31 12:03:29.379  INFO 22563 --- [restartedMain] .d.s.w.r.o.CachingOperationNameGenerator : Generating unique operation named: invokeUsingGET_13
2017-03-31 12:03:29.381  INFO 22563 --- [restartedMain] .d.s.w.r.o.CachingOperationNameGenerator : Generating unique operation named: invokeUsingGET_14
2017-03-31 12:03:29.382  INFO 22563 --- [restartedMain] .d.s.w.r.o.CachingOperationNameGenerator : Generating unique operation named: invokeUsingGET_15
2017-03-31 12:03:29.385  INFO 22563 --- [restartedMain] .d.s.w.r.o.CachingOperationNameGenerator : Generating unique operation named: invokeUsingGET_16
2017-03-31 12:03:29.387  INFO 22563 --- [restartedMain] .d.s.w.r.o.CachingOperationNameGenerator : Generating unique operation named: invokeUsingGET_17
2017-03-31 12:03:29.399  INFO 22563 --- [restartedMain] .d.s.w.r.o.CachingOperationNameGenerator : Generating unique operation named: invokeUsingGET_18
2017-03-31 12:03:29.418  INFO 22563 --- [restartedMain] .d.s.w.r.o.CachingOperationNameGenerator : Generating unique operation named: invokeUsingGET_19
2017-03-31 12:03:29.421  INFO 22563 --- [restartedMain] .d.s.w.r.o.CachingOperationNameGenerator : Generating unique operation named: invokeUsingHEAD_1
2017-03-31 12:03:29.423  INFO 22563 --- [restartedMain] .d.s.w.r.o.CachingOperationNameGenerator : Generating unique operation named: invokeUsingPOST_1
2017-03-31 12:03:29.426  INFO 22563 --- [restartedMain] .d.s.w.r.o.CachingOperationNameGenerator : Generating unique operation named: invokeUsingPUT_1
2017-03-31 12:03:29.432  INFO 22563 --- [restartedMain] .d.s.w.r.o.CachingOperationNameGenerator : Generating unique operation named: invokeUsingPATCH_1
2017-03-31 12:03:29.435  INFO 22563 --- [restartedMain] .d.s.w.r.o.CachingOperationNameGenerator : Generating unique operation named: invokeUsingDELETE_1
2017-03-31 12:03:29.437  INFO 22563 --- [restartedMain] .d.s.w.r.o.CachingOperationNameGenerator : Generating unique operation named: invokeUsingOPTIONS_1
2017-03-31 12:03:29.440  INFO 22563 --- [restartedMain] .d.s.w.r.o.CachingOperationNameGenerator : Generating unique operation named: invokeUsingTRACE_1
2017-03-31 12:03:29.446  INFO 22563 --- [restartedMain] .d.s.w.r.o.CachingOperationNameGenerator : Generating unique operation named: invokeUsingGET_20
2017-03-31 12:03:29.450  INFO 22563 --- [restartedMain] .d.s.w.r.o.CachingOperationNameGenerator : Generating unique operation named: invokeUsingGET_21
2017-03-31 12:03:29.492  INFO 22563 --- [restartedMain] .d.s.w.r.o.CachingOperationNameGenerator : Generating unique operation named: invokeUsingGET_22
2017-03-31 12:03:29.494  INFO 22563 --- [restartedMain] .d.s.w.r.o.CachingOperationNameGenerator : Generating unique operation named: invokeUsingHEAD_2
2017-03-31 12:03:29.497  INFO 22563 --- [restartedMain] .d.s.w.r.o.CachingOperationNameGenerator : Generating unique operation named: invokeUsingGET_23
2017-03-31 12:03:29.509  INFO 22563 --- [restartedMain] .d.s.w.r.o.CachingOperationNameGenerator : Generating unique operation named: invokeUsingHEAD_3
2017-03-31 12:03:29.512  INFO 22563 --- [restartedMain] .d.s.w.r.o.CachingOperationNameGenerator : Generating unique operation named: invokeUsingGET_24
2017-03-31 12:03:29.514  INFO 22563 --- [restartedMain] .d.s.w.r.o.CachingOperationNameGenerator : Generating unique operation named: invokeUsingGET_25
2017-03-31 12:03:29.518  INFO 22563 --- [restartedMain] .d.s.w.r.o.CachingOperationNameGenerator : Generating unique operation named: valueUsingGET_1
2017-03-31 12:03:29.777  INFO 22563 --- [restartedMain] s.b.c.e.t.TomcatEmbeddedServletContainer : Tomcat started on port(s): 8080 (http)
2017-03-31 12:03:29.784  INFO 22563 --- [restartedMain] com.ss.schedulesys.ScheduleSysApp        : Started ScheduleSysApp in 12.117 seconds (JVM running for 12.728)
2017-03-31 12:06:39.455  INFO 22563 --- [Thread-7] ationConfigEmbeddedWebApplicationContext : Closing org.springframework.boot.context.embedded.AnnotationConfigEmbeddedWebApplicationContext@368999ba: startup date [Fri Mar 31 12:03:18 EDT 2017]; root of context hierarchy
2017-03-31 12:06:39.470  INFO 22563 --- [Thread-7] o.s.c.support.DefaultLifecycleProcessor  : Stopping beans in phase 2147483647
2017-03-31 12:06:39.471  INFO 22563 --- [Thread-7] o.s.c.support.DefaultLifecycleProcessor  : Stopping beans in phase 0
2017-03-31 12:06:39.475  INFO 22563 --- [Thread-7] o.s.j.e.a.AnnotationMBeanExporter        : Unregistering JMX-exposed beans on shutdown
2017-03-31 12:06:39.477  INFO 22563 --- [Thread-7] o.s.j.e.a.AnnotationMBeanExporter        : Unregistering JMX-exposed beans
2017-03-31 12:06:39.492  INFO 22563 --- [Thread-7] j.LocalContainerEntityManagerFactoryBean : Closing JPA EntityManagerFactory for persistence unit 'default'
2017-03-31 12:06:39.497  INFO 22563 --- [Thread-7] org.hibernate.tool.hbm2ddl.SchemaExport  : HHH000227: Running hbm2ddl schema export
2017-03-31 12:06:39.569  INFO 22563 --- [Thread-7] org.hibernate.tool.hbm2ddl.SchemaExport  : HHH000230: Schema export complete
2017-03-31 12:06:39.573  INFO 22563 --- [Thread-7] com.zaxxer.hikari.pool.HikariPool        : HikariPool-1 - Close initiated...
2017-03-31 12:06:39.588  INFO 22563 --- [Thread-7] com.zaxxer.hikari.pool.HikariPool        : HikariPool-1 - Closed.
2017-03-31 12:06:39.941  INFO 22563 --- [restartedMain] com.ss.schedulesys.ScheduleSysApp        : Starting ScheduleSysApp on ed-notebook with PID 22563 (/home/ezerbo/Documents/workspace-sts-3.7.3.RELEASE/schedulesys/employee-service/target/classes started by ezerbo in /home/ezerbo/Documents/workspace-sts-3.7.3.RELEASE/schedulesys/employee-service)
2017-03-31 12:06:39.942  INFO 22563 --- [restartedMain] com.ss.schedulesys.ScheduleSysApp        : The following profiles are active: dev
2017-03-31 12:06:39.944  INFO 22563 --- [restartedMain] ationConfigEmbeddedWebApplicationContext : Refreshing org.springframework.boot.context.embedded.AnnotationConfigEmbeddedWebApplicationContext@60b74b85: startup date [Fri Mar 31 12:06:39 EDT 2017]; root of context hierarchy
